Removed Pin From Net: NetName=GND Pin=C_5_1-1
Removed Pin From Net: NetName=NetC_5_1_2 Pin=C_5_1-2
Removed Pin From Net: NetName=GND Pin=C_5_2-1
Removed Pin From Net: NetName=NetC_5_2_2 Pin=C_5_2-2
Removed Pin From Net: NetName=P_RJ45 Pin=JC1-2
Removed Pin From Net: NetName=P_RJ45 Pin=JC1-4
Removed Pin From Net: NetName=P_RJ45 Pin=JC1-7
Removed Pin From Net: NetName=FRECUENCIA Pin=JC2-2
Removed Pin From Net: NetName=FRECUENCIA Pin=JC2-3
Removed Pin From Net: NetName=FRECUENCIA Pin=JC2-4
Removed Pin From Net: NetName=FRECUENCIA Pin=JC2-5
Removed Pin From Net: NetName=FRECUENCIA Pin=JC2-6
Removed Pin From Net: NetName=FRECUENCIA Pin=JC2-7
Removed Pin From Net: NetName=FRECUENCIA Pin=R11-2
Removed Pin From Net: NetName=FRECUENCIA Pin=R12-2
Removed Pin From Net: NetName=FRECUENCIA Pin=R13-2
Removed Pin From Net: NetName=NetR_5_1_1 Pin=R_5_1-1
Removed Pin From Net: NetName=5VCC Pin=R_5_1-2
Removed Pin From Net: NetName=NetR_5_1_1 Pin=R_5_2-1
Removed Pin From Net: NetName=NetR_5_2_2 Pin=R_5_2-2
Removed Pin From Net: NetName=NetR_5_2_2 Pin=R_5_3-1
Removed Pin From Net: NetName=NetC_5_1_2 Pin=R_5_3-2
Removed Pin From Net: NetName=GND Pin=U_555-1
Removed Pin From Net: NetName=NetC_5_1_2 Pin=U_555-2
Removed Pin From Net: NetName=FRECUENCIA Pin=U_555-3
Removed Pin From Net: NetName=5VCC Pin=U_555-4
Removed Pin From Net: NetName=NetC_5_2_2 Pin=U_555-5
Removed Pin From Net: NetName=NetC_5_1_2 Pin=U_555-6
Removed Pin From Net: NetName=NetR_5_1_1 Pin=U_555-7
Removed Pin From Net: NetName=5VCC Pin=U_555-8
Removed Member From Class: ClassName=barra_sec_principal Member=C_5_1
Removed Member From Class: ClassName=barra_sec_principal Member=C_5_2
Removed Member From Class: ClassName=barra_sec_principal Member=R_5_1
Removed Member From Class: ClassName=barra_sec_principal Member=R_5_2
Removed Member From Class: ClassName=barra_sec_principal Member=R_5_3
Removed Member From Class: ClassName=barra_sec_principal Member=U_555
Added Component: Designator=U7(A18)
Added Pin To Net: NetName=FRECUENCIA Pin=JC1-2
Added Pin To Net: NetName=NetC_5_2_2 Pin=JC2-4
Added Pin To Net: NetName=NetR_5_1_1 Pin=JC2-5
Added Pin To Net: NetName=NetR_5_2_2 Pin=JC2-6
Added Pin To Net: NetName=FRECUENCIA Pin=U7-1
Added Pin To Net: NetName=FRECUENCIA Pin=U7-2
Added Pin To Net: NetName=FRECUENCIA Pin=U7-3
Added Pin To Net: NetName=FRECUENCIA Pin=U7-4
Added Pin To Net: NetName=FRECUENCIA Pin=U7-5
Added Pin To Net: NetName=FRECUENCIA Pin=U7-6
Added Pin To Net: NetName=FRECUENCIA Pin=U7-7
Added Pin To Net: NetName=GND Pin=U7-9
Added Pin To Net: NetName=5VCC Pin=U7-10
Added Pin To Net: NetName=NetC_5_1_2 Pin=U7-11
Added Pin To Net: NetName=NetC_5_2_2 Pin=U7-12
Added Pin To Net: NetName=NetR_5_1_1 Pin=U7-13
Added Pin To Net: NetName=NetR_5_2_2 Pin=U7-14
Change Net Name : Old Net Name=FRECUENCIA New Net Name=PWM
Change Net Name : Old Net Name=NetC_5_1_2 New Net Name=NetLS1_1
Change Net Name : Old Net Name=NetC_5_2_2 New Net Name=D7
Change Net Name : Old Net Name=NetR_5_1_1 New Net Name=D6
Change Net Name : Old Net Name=NetR_5_2_2 New Net Name=D5
Added Pin To Net: NetName=BUZZER Pin=JC1-4
Added Pin To Net: NetName=BUZZER Pin=U7-8
Added Net: Name=BUZZER
Added Pin To Net: NetName=D1 Pin=R13-2
Added Pin To Net: NetName=D1 Pin=U7-18
Added Net: Name=D1
Added Pin To Net: NetName=D2 Pin=R11-2
Added Pin To Net: NetName=D2 Pin=U7-17
Added Net: Name=D2
Added Pin To Net: NetName=D3 Pin=R12-2
Added Pin To Net: NetName=D3 Pin=U7-16
Added Net: Name=D3
Added Pin To Net: NetName=D4 Pin=JC2-7
Added Pin To Net: NetName=D4 Pin=U7-15
Added Net: Name=D4
Added Member To Class: ClassName=barra_sec_principal Member=Component U7 ULN2803A
