Remove Pin=U2-5 From Net=RX_TTL_V3
Remove Pin=U2-6 From Net=TX_TTL_V3
Remove Pin=U2-7 From Net=RGB_R
Remove Pin=U2-10 From Net=RGB_V
Remove Pin=U2-18 From Net=SCL_DS
Remove Pin=U2-23 From Net=SDA_DS
Remove Pin=U2-24 From Net=RGB_A
Remove Pin=U2-33 From Net=RX_BLUE
Remove Pin=U2-34 From Net=TX_BLUE
Remove Pin=U2-39 From Net=DET_4
Remove Pin=U2-40 From Net=DET_5
Remove Pin=U4-1 From Net=S_JP3
Remove Pin=U4-2 From Net=S_JP4
Remove Pin=U4-7 From Net=RX_TTL_V3
Remove Pin=U4-8 From Net=TX_TTL_V3
Remove Pin=U4-12 From Net=SP_OP1
Remove Pin=U4-13 From Net=SP_OP2
Remove Pin=U4-17 From Net=S_JP1
Remove Pin=U4-18 From Net=S_JP2
Remove Pin=U6-13 From Net=RS-232_RX
Remove Pin=U6-14 From Net=RS-232_TX
