Removed Pin From Net: NetName=GND Pin=C5-1
Removed Pin From Net: NetName=GND Pin=C6-2
Removed Pin From Net: NetName=GND Pin=C15-1
Removed Pin From Net: NetName=5VCC Pin=C18-2
Removed Pin From Net: NetName=GND Pin=P2-5
Removed Pin From Net: NetName=GND Pin=P3-11
Removed Pin From Net: NetName=SN_OP2 Pin=P3-12
Removed Pin From Net: NetName=5VCC Pin=P7-1
Removed Pin From Net: NetName=GND Pin=P7-6
Removed Pin From Net: NetName=GND Pin=R19-1
Removed Pin From Net: NetName=P_RJ45 Pin=R19-2
Removed Pin From Net: NetName=S_JP3 Pin=U4-1
Removed Pin From Net: NetName=S_JP4 Pin=U4-2
Removed Pin From Net: NetName=P_RJ45 Pin=U4-3
Removed Pin From Net: NetName=GND Pin=U4-5
Removed Pin From Net: NetName=SP_OP1 Pin=U4-12
Removed Pin From Net: NetName=SP_OP2 Pin=U4-13
Removed Pin From Net: NetName=5VCC Pin=U4-14
Removed Pin From Net: NetName=S_JP1 Pin=U4-17
Removed Pin From Net: NetName=S_JP2 Pin=U4-18
Removed Pin From Net: NetName=GND Pin=U6-15
Removed Pin From Net: NetName=5VCC Pin=U6-16
Removed Member From Class: ClassName=U_MDL_CONTROL Member=C5
Removed Member From Class: ClassName=U_MDL_CONTROL Member=C6
Removed Member From Class: ClassName=U_MDL_CONTROL Member=P2
Removed Member From Class: ClassName=U_MDL_CONTROL Member=U4
Removed Member From Class: ClassName=U_MDL_CONTROL Member=X2
Added Component: Designator=P?(HDR1X4)
Added Pin To Net: NetName=SN_OP2 Pin=P3-8
Added Pin To Net: NetName=GND Pin=P3-10
Added Pin To Net: NetName=GND Pin=P?-3
Added Pin To Net: NetName=5VCC Pin=P?-4
Added Pin To Net: NetName=P_RJ45 Pin=R19-1
Added Pin To Net: NetName=GND Pin=R19-2
Added Pin To Net: NetName=SP_OP1 Pin=U2-19
Added Pin To Net: NetName=SP_OP2 Pin=U2-20
Added Pin To Net: NetName=S_JP1 Pin=U2-21
Added Pin To Net: NetName=S_JP2 Pin=U2-22
Added Pin To Net: NetName=S_JP3 Pin=U2-27
Added Pin To Net: NetName=S_JP4 Pin=U2-28
Added Pin To Net: NetName=P_RJ45 Pin=U2-29
Added Pin To Net: NetName=BLUE_RX Pin=P?-2
Added Pin To Net: NetName=BLUE_RX Pin=U2-2
Added Net: Name=BLUE_RX
Added Pin To Net: NetName=BLUE_TX Pin=P?-1
Added Pin To Net: NetName=BLUE_TX Pin=U2-3
Added Net: Name=BLUE_TX
Added Member To Class: ClassName=U_MDL_CONTROL Member=Component P? Header 4
