Change Component Designator: Old Designator= New Designator=?
Change Component Designator: Old Designator= New Designator=?
Change Component Designator: Old Designator= New Designator=?
Change Component Designator: Old Designator= New Designator=?
Change Component Designator: Old Designator= New Designator=?
Change Component Designator: Old Designator= New Designator=?
Change Component Designator: Old Designator= New Designator=?
Change Component Designator: Old Designator= New Designator=?
Change Component Designator: Old Designator= New Designator=?
Change Component Designator: Old Designator= New Designator=?
Change Component Designator: Old Designator=C1 New Designator=C?
Change Component Designator: Old Designator=C2 New Designator=C?
Change Component Designator: Old Designator=C3 New Designator=C?
Change Component Designator: Old Designator=C4 New Designator=C?
Change Component Designator: Old Designator=C5 New Designator=C?
Change Component Designator: Old Designator=C6 New Designator=C?
Change Component Designator: Old Designator=C7 New Designator=C?
Change Component Designator: Old Designator=C8 New Designator=C?
Change Component Designator: Old Designator=C9 New Designator=C?
Change Component Designator: Old Designator=C10 New Designator=C?
Change Component Designator: Old Designator=C11 New Designator=C?
Change Component Designator: Old Designator=D1 New Designator=D?
Change Component Designator: Old Designator=D2 New Designator=D?
Change Component Designator: Old Designator=D3 New Designator=D?
Change Component Designator: Old Designator=D4 New Designator=D?
Change Component Designator: Old Designator=D5 New Designator=D?
Change Component Designator: Old Designator=D_SWITCH1 New Designator=D_SWITCH?
Change Component Designator: Old Designator=F1 New Designator=F?
Change Component Designator: Old Designator=H1 New Designator=H?
Change Component Designator: Old Designator=H2 New Designator=H?
Change Component Designator: Old Designator=ICSP1 New Designator=ICSP?
Change Component Designator: Old Designator=J1 New Designator=J?
Change Component Designator: Old Designator=J2 New Designator=J?
Change Component Designator: Old Designator=JP1 New Designator=JP?
Change Component Designator: Old Designator=JP2 New Designator=JP?
Change Component Designator: Old Designator=K1 New Designator=K?
Change Component Designator: Old Designator=L1 New Designator=L?
Change Component Designator: Old Designator=P1 New Designator=P?
Change Component Designator: Old Designator=P2 New Designator=P?
Change Component Designator: Old Designator=Q1 New Designator=Q?
Change Component Designator: Old Designator=R1 New Designator=R?
Change Component Designator: Old Designator=R2 New Designator=R?
Change Component Designator: Old Designator=R3 New Designator=R?
Change Component Designator: Old Designator=R4 New Designator=R?
Change Component Designator: Old Designator=R5 New Designator=R?
Change Component Designator: Old Designator=R6 New Designator=R?
Change Component Designator: Old Designator=R7 New Designator=R?
Change Component Designator: Old Designator=R8 New Designator=R?
Change Component Designator: Old Designator=R9 New Designator=R?
Change Component Designator: Old Designator=RA1 New Designator=RA?
Change Component Designator: Old Designator=RA2 New Designator=RA?
Change Component Designator: Old Designator=RB2 New Designator=RB?
Change Component Designator: Old Designator=RB3 New Designator=RB?
Change Component Designator: Old Designator=RTER1 New Designator=RTER?
Change Component Designator: Old Designator=S1 New Designator=S?
Change Component Designator: Old Designator=U1 New Designator=U?
Change Component Designator: Old Designator=U2 New Designator=U?
Change Component Designator: Old Designator=U3 New Designator=U?
Change Component Designator: Old Designator=U4 New Designator=U?
Change Component Designator: Old Designator=U4 New Designator=U?
Change Component Designator: Old Designator=U5 New Designator=U?
Change Component Designator: Old Designator=U6 New Designator=U?
Change Component Designator: Old Designator=Varistor1 New Designator=Varistor?
Change Component Designator: Old Designator=Y1 New Designator=Y?
