Removed Pin From Net: NetName=5VCC Pin=D7-1
Removed Pin From Net: NetName=5VCC Pin=D8-2
Removed Pin From Net: NetName=5VCC Pin=J1-1
Removed Pin From Net: NetName=GND Pin=J1-4
Removed Pin From Net: NetName=5VCC Pin=K2-4
Removed Pin From Net: NetName=A Pin=P3-1
Removed Pin From Net: NetName=A Pin=P3-1
Removed Pin From Net: NetName=A Pin=P3-1
Removed Pin From Net: NetName=B Pin=P3-5
Removed Pin From Net: NetName=A Pin=P4-1
Removed Pin From Net: NetName=A Pin=P4-1
Removed Pin From Net: NetName=A Pin=P4-1
Removed Pin From Net: NetName=A Pin=P4-2
Removed Pin From Net: NetName=A Pin=P4-3
Removed Pin From Net: NetName=A Pin=P4-4
Removed Pin From Net: NetName=B Pin=P4-5
Removed Pin From Net: NetName=B Pin=P4-6
Removed Pin From Net: NetName=B Pin=P4-7
Removed Pin From Net: NetName=B Pin=P4-8
Removed Pin From Net: NetName=GND Pin=Q2-1
Removed Pin From Net: NetName=GND Pin=R9-1
Removed Pin From Net: NetName=BOTON_PANICO2 Pin=R9-2
Removed Pin From Net: NetName=5VCC Pin=R11-1
Removed Pin From Net: NetName=OPTO1 Pin=R11-2
Removed Pin From Net: NetName=5VCC Pin=U1-1
Removed Pin From Net: NetName=STATE_BT Pin=U1-17
Removed Pin From Net: NetName=EN_BT Pin=U1-18
Removed Pin From Net: NetName=LED_RCB_USB Pin=U1-27
Removed Pin From Net: NetName=LED_ENV_USB Pin=U1-28
Removed Pin From Net: NetName=GND Pin=U4-4
Removed Pin From Net: NetName=OPTO1 Pin=U4-5
Removed Member From Class: ClassName=concentrador Member=D7
Removed Member From Class: ClassName=concentrador Member=D8
Removed Member From Class: ClassName=concentrador Member=D11
Removed Member From Class: ClassName=concentrador Member=D12
Removed Member From Class: ClassName=concentrador Member=F3
Removed Member From Class: ClassName=concentrador Member=F4
Removed Member From Class: ClassName=concentrador Member=J1
Removed Member From Class: ClassName=concentrador Member=K2
Removed Member From Class: ClassName=concentrador Member=Q2
Removed Member From Class: ClassName=concentrador Member=R7
Removed Member From Class: ClassName=concentrador Member=R8
Removed Member From Class: ClassName=concentrador Member=R10
Removed Member From Class: ClassName=concentrador Member=R11
Removed Member From Class: ClassName=concentrador Member=U4
Added Component: Designator=D1_FUENTE(1N4000)
Added Component: Designator=D2_FUENTE(1N4000)
Added Component: Designator=E1(C1000UF)
Added Component: Designator=E2(C1UF)
Added Component: Designator=L1(Inductor_redondo)
Added Component: Designator=P6(PCBComponent_1)
Added Component: Designator=PULSADOR(CAPR5-4X5)
Added Component: Designator=R18(AXIAL-0.3)
Added Component: Designator=R19(AXIAL-0.3)
Added Component: Designator=R20(AXIAL-0.3)
Added Component: Designator=R21(AXIAL-0.3)
Added Component: Designator=R_DE(AXIAL-0.3)
Added Component: Designator=R_ENCENDIDO(AXIAL-0.3)
Added Component: Designator=R_RESET(AXIAL-0.3)
Added Component: Designator=RAB(AXIAL-0.3)
Added Component: Designator=RA(AXIAL-0.3)
Added Component: Designator=RB(AXIAL-0.3)
Added Component: Designator=REGULADOR_VOLTAJE(HDR1X5)
Added Component: Designator=RJ_SERIAL_1(15-43-6233)
Added Component: Designator=RJ_SERIAL_2(15-43-6233)
Added Pin To Net: NetName=GND Pin=D1_FUENTE-1
Added Pin To Net: NetName=GND Pin=E1-2
Added Pin To Net: NetName=5VCC Pin=E2-1
Added Pin To Net: NetName=GND Pin=E2-2
Added Pin To Net: NetName=5VCC Pin=L1-1
Added Pin To Net: NetName=5VCC Pin=P1-5
Added Pin To Net: NetName=5VCC Pin=P1-5
Added Pin To Net: NetName=GND Pin=P1-6
Added Pin To Net: NetName=GND Pin=P1-6
Added Pin To Net: NetName=GND Pin=P2-5
Added Pin To Net: NetName=GND Pin=P2-5
Added Pin To Net: NetName=GND Pin=P3-5
Added Pin To Net: NetName=GND Pin=P4-2
Added Pin To Net: NetName=GND Pin=P4-4
Added Pin To Net: NetName=GND Pin=P4-6
Added Pin To Net: NetName=5VCC Pin=P4-7
Added Pin To Net: NetName=GND Pin=P4-8
Added Pin To Net: NetName=GND Pin=PULSADOR-2
Added Pin To Net: NetName=BOTON_PANICO2 Pin=R9-1
Added Pin To Net: NetName=GND Pin=R9-2
Added Pin To Net: NetName=5VCC Pin=R17-1
Added Pin To Net: NetName=5VCC Pin=R19-1
Added Pin To Net: NetName=5VCC Pin=R21-1
Added Pin To Net: NetName=5VCC Pin=R_DE-1
Added Pin To Net: NetName=DE1_485 Pin=R_DE-2
Added Pin To Net: NetName=5VCC Pin=R_ENCENDIDO-1
Added Pin To Net: NetName=5VCC Pin=R_RESET-1
Added Pin To Net: NetName=5VCC Pin=RA-1
Added Pin To Net: NetName=A Pin=RA-2
Added Pin To Net: NetName=A Pin=RAB-1
Added Pin To Net: NetName=B Pin=RAB-2
Added Pin To Net: NetName=B Pin=RB-1
Added Pin To Net: NetName=GND Pin=RB-2
Added Pin To Net: NetName=GND Pin=REGULADOR_VOLTAJE-3
Added Pin To Net: NetName=5VCC Pin=REGULADOR_VOLTAJE-4
Added Pin To Net: NetName=GND Pin=REGULADOR_VOLTAJE-5
Added Pin To Net: NetName=GND Pin=RJ_SERIAL_1-8
Added Pin To Net: NetName=RS232_TXPC Pin=RJ_SERIAL_2-6
Added Pin To Net: NetName=RS232_RXPC Pin=RJ_SERIAL_2-7
Added Pin To Net: NetName=GND Pin=RJ_SERIAL_2-8
Added Pin To Net: NetName=24VCC_IN Pin=P3-1
Added Pin To Net: NetName=24VCC_IN Pin=P3-1
Added Pin To Net: NetName=24VCC_IN Pin=P3-1
Added Net: Name=24VCC_IN
Added Pin To Net: NetName=24VCC Pin=D2_FUENTE-2
Added Pin To Net: NetName=24VCC Pin=E1-1
Added Pin To Net: NetName=24VCC Pin=P1-4
Added Pin To Net: NetName=24VCC Pin=P1-4
Added Pin To Net: NetName=24VCC Pin=P2-6
Added Pin To Net: NetName=24VCC Pin=P2-6
Added Pin To Net: NetName=24VCC Pin=P4-1
Added Pin To Net: NetName=24VCC Pin=P4-1
Added Pin To Net: NetName=24VCC Pin=P4-1
Added Pin To Net: NetName=24VCC Pin=P4-3
Added Pin To Net: NetName=24VCC Pin=P4-5
Added Pin To Net: NetName=24VCC Pin=REGULADOR_VOLTAJE-1
Added Net: Name=24VCC
Added Pin To Net: NetName=NetD1_FUENTE_2 Pin=D1_FUENTE-2
Added Pin To Net: NetName=NetD1_FUENTE_2 Pin=L1-2
Added Pin To Net: NetName=NetD1_FUENTE_2 Pin=REGULADOR_VOLTAJE-2
Added Net: Name=NetD1_FUENTE_2
Added Pin To Net: NetName=NetD2_FUENTE_1 Pin=D2_FUENTE-1
Added Net: Name=NetD2_FUENTE_1
Added Pin To Net: NetName=NetLED_ENCENDIDO_1 Pin=R_ENCENDIDO-2
Added Net: Name=NetLED_ENCENDIDO_1
Added Net: Name=NetP6_1
Added Pin To Net: NetName=NetP6_2 Pin=R20-2
Added Net: Name=NetP6_2
Added Net: Name=NetP6_3
Added Pin To Net: NetName=NetP6_4 Pin=R18-2
Added Net: Name=NetP6_4
Added Net: Name=NetP6_5
Added Pin To Net: NetName=NetP6_6 Pin=R16-2
Added Net: Name=NetP6_6
Added Pin To Net: NetName=NetPULSADOR_1 Pin=PULSADOR-1
Added Pin To Net: NetName=NetPULSADOR_1 Pin=R_RESET-2
Added Pin To Net: NetName=NetPULSADOR_1 Pin=U1-1
Added Net: Name=NetPULSADOR_1
Added Pin To Net: NetName=NetR16_1 Pin=R16-1
Added Net: Name=NetR16_1
Added Pin To Net: NetName=NetR18_1 Pin=R18-1
Added Net: Name=NetR18_1
Added Pin To Net: NetName=NetR20_1 Pin=R20-1
Added Net: Name=NetR20_1
Added Pin To Net: NetName=OPTO3 Pin=R17-2
Added Pin To Net: NetName=OPTO3 Pin=U1-13
Added Net: Name=OPTO3
Added Pin To Net: NetName=OPTO4 Pin=R19-2
Added Pin To Net: NetName=OPTO4 Pin=U1-15
Added Net: Name=OPTO4
Added Pin To Net: NetName=OPTO5 Pin=R21-2
Added Pin To Net: NetName=OPTO5 Pin=U1-16
Added Net: Name=OPTO5
Added Pin To Net: NetName=RS232_RX_MONITOREO Pin=RJ_SERIAL_1-7
Added Pin To Net: NetName=RS232_RX_MONITOREO Pin=U3-13
Added Net: Name=RS232_RX_MONITOREO
Added Pin To Net: NetName=RS232_TX_MONITOREO Pin=RJ_SERIAL_1-6
Added Pin To Net: NetName=RS232_TX_MONITOREO Pin=U3-14
Added Net: Name=RS232_TX_MONITOREO
Added Pin To Net: NetName=TTL_RX2 Pin=U1-18
Added Pin To Net: NetName=TTL_RX2 Pin=U3-12
Added Net: Name=TTL_RX2
Added Pin To Net: NetName=TTL_TX2 Pin=U1-17
Added Pin To Net: NetName=TTL_TX2 Pin=U3-11
Added Net: Name=TTL_TX2
Added Member To Class: ClassName=concentrador Member=Component C1 Cap
Added Member To Class: ClassName=concentrador Member=Component D1_FUENTE Diodo
Added Member To Class: ClassName=concentrador Member=Component D2_FUENTE Diodo
Added Member To Class: ClassName=concentrador Member=Component E1 Cap Pol1
Added Member To Class: ClassName=concentrador Member=Component E2 Cap2
Added Member To Class: ClassName=concentrador Member=Component L1 Inductor Adj
Added Member To Class: ClassName=concentrador Member=Component P6 Header 6
Added Member To Class: ClassName=concentrador Member=Component PULSADOR Cap2
Added Member To Class: ClassName=concentrador Member=Component R18 Res1
Added Member To Class: ClassName=concentrador Member=Component R19 Res1
Added Member To Class: ClassName=concentrador Member=Component R20 Res1
Added Member To Class: ClassName=concentrador Member=Component R21 Res1
Added Member To Class: ClassName=concentrador Member=Component R_DE Res1
Added Member To Class: ClassName=concentrador Member=Component R_ENCENDIDO Res1
Added Member To Class: ClassName=concentrador Member=Component R_RESET Res1
Added Member To Class: ClassName=concentrador Member=Component RAB Res1
Added Member To Class: ClassName=concentrador Member=Component RA Res1
Added Member To Class: ClassName=concentrador Member=Component RB Res1
Added Member To Class: ClassName=concentrador Member=Component REGULADOR_VOLTAJE LM2575T-5.0
Added Member To Class: ClassName=concentrador Member=Component RJ_SERIAL_1 RJ45
Added Member To Class: ClassName=concentrador Member=Component RJ_SERIAL_2 RJ45
Added Room: Name=concentrador
