Removed Pin From Net: NetName=24VCC Pin=P1-5
Removed Pin From Net: NetName=5VCC Pin=P1-6
Removed Pin From Net: NetName=5VCC Pin=P1-7
Removed Pin From Net: NetName=GND Pin=P1-8
Removed Pin From Net: NetName=24VCC_IN Pin=P2-3
Added Component: Designator=R23(AXIAL-0.3)
Added Component: Designator=R24(AXIAL-0.3)
Added Component: Designator=U11(4n35_4n33_6pines)
Added Pin To Net: NetName=5VCC Pin=P1-5
Added Pin To Net: NetName=GND Pin=P1-6
Added Pin To Net: NetName=GND Pin=P1-7
Added Pin To Net: NetName=24VCC_IN Pin=P1-8
Added Pin To Net: NetName=5VCC Pin=R24-1
Added Pin To Net: NetName=GND Pin=U9-8
Added Pin To Net: NetName=GND Pin=U11-2
Added Pin To Net: NetName=GND Pin=U11-8
Added Pin To Net: NetName=NetP2_3 Pin=P2-3
Added Pin To Net: NetName=NetP2_3 Pin=R23-2
Added Net: Name=NetP2_3
Added Pin To Net: NetName=NetR23_1 Pin=R23-1
Added Pin To Net: NetName=NetR23_1 Pin=U11-1
Added Net: Name=NetR23_1
Added Pin To Net: NetName=OPTO6 Pin=R24-2
Added Pin To Net: NetName=OPTO6 Pin=U1-13
Added Pin To Net: NetName=OPTO6 Pin=U11-7
Added Net: Name=OPTO6
Added Member To Class: ClassName=concentrador Member=Component R23 Res1
Added Member To Class: ClassName=concentrador Member=Component R24 Res1
Added Member To Class: ClassName=concentrador Member=Component U11 4N33
