Removed Pin From Net: NetName=RX_TTL_V3 Pin=U2-5
Removed Pin From Net: NetName=TX_TTL_V3 Pin=U2-6
Removed Pin From Net: NetName=DI_485 Pin=U2-25
Removed Pin From Net: NetName=RO_485 Pin=U2-26
Removed Pin From Net: NetName=PRB0 Pin=U2-33
Removed Pin From Net: NetName=PRB1 Pin=U2-34
Removed Pin From Net: NetName=PRB2 Pin=U2-35
Removed Pin From Net: NetName=PRB3 Pin=U2-36
Removed Pin From Net: NetName=PRB4 Pin=U2-37
Removed Pin From Net: NetName=PRB5 Pin=U2-38
Removed Pin From Net: NetName=DET_4 Pin=U2-39
Removed Pin From Net: NetName=DET_5 Pin=U2-40
Added Pin To Net: NetName=TX_TTL_V3 Pin=U2-5
Added Pin To Net: NetName=RX_TTL_V3 Pin=U2-6
Added Pin To Net: NetName=DET_4 Pin=U2-25
Added Pin To Net: NetName=DET_5 Pin=U2-26
Added Pin To Net: NetName=RO_485 Pin=U2-33
Added Pin To Net: NetName=PRB0 Pin=U2-34
Added Pin To Net: NetName=PRB1 Pin=U2-35
Added Pin To Net: NetName=DI_485 Pin=U2-36
Added Pin To Net: NetName=PRB2 Pin=U2-37
Added Pin To Net: NetName=PRB3 Pin=U2-38
Added Pin To Net: NetName=PRB4 Pin=U2-39
Added Pin To Net: NetName=PRB5 Pin=U2-40
