Change Component Designator: Old Designator=C7 New Designator=C3
Change Component Designator: Old Designator=C8 New Designator=C4
Change Component Designator: Old Designator=C8 New Designator=C6
Change Component Designator: Old Designator=C9 New Designator=C5
Change Component Designator: Old Designator=C15 New Designator=C2
Change Component Designator: Old Designator=JC2 New Designator=JC1
Change Component Designator: Old Designator=JP1 New Designator=JP4
Change Component Designator: Old Designator=JP3 New Designator=JP1
Change Component Designator: Old Designator=JP4 New Designator=JP3
Change Component Designator: Old Designator=OP2 New Designator=OP1
Change Component Part ID : Designator=OP1 Old Part ID =1 New Part ID =2
Change Component Designator: Old Designator=P? New Designator=P2
Change Component Designator: Old Designator=R13 New Designator=R5
Change Component Designator: Old Designator=R14 New Designator=R3
Change Component Designator: Old Designator=R14 New Designator=R7
Change Component Designator: Old Designator=R15 New Designator=R4
Change Component Designator: Old Designator=R34 New Designator=R6
Change Component Designator: Old Designator=R35 New Designator=R8
Change Component Designator: Old Designator=U1 New Designator=U2
Change Component Designator: Old Designator=U5 New Designator=U3
Change Component Designator: Old Designator=U? New Designator=U4
Change Component Designator: Old Designator=X3 New Designator=X1
Change Component Designator: Old Designator=X4 New Designator=X2
