Added Component: Designator=C1(Lenteja)
Added Component: Designator=C2(Lenteja)
Added Component: Designator=C3(Lenteja)
Added Component: Designator=C4(Lenteja)
Added Component: Designator=C5(RB7.6-15)
Added Component: Designator=C6(RB7.6-15)
Added Component: Designator=C7(RB7.6-15)
Added Component: Designator=C8(RB7.6-15)
Added Component: Designator=D1(LED-0)
Added Component: Designator=D2(LED-0)
Added Component: Designator=D3(LED-0)
Added Component: Designator=D4(LED-0)
Added Component: Designator=D5(LED-0)
Added Component: Designator=D6(DO-41)
Added Component: Designator=D7(LED-0)
Added Component: Designator=D8(DO-41)
Added Component: Designator=J1(1-1470156)
Added Component: Designator=P1(HDR1X6)
Added Component: Designator=P2(HDR1X2)
Added Component: Designator=P3(MHDR2X10)
Added Component: Designator=P4(HDR1X4)
Added Component: Designator=P5(HDR1X3)
Added Component: Designator=Q1(TO-92A)
Added Component: Designator=Q2(TO-92A)
Added Component: Designator=R1(AXIAL-0.3)
Added Component: Designator=R2(AXIAL-0.3)
Added Component: Designator=R3(AXIAL-0.3)
Added Component: Designator=R4(AXIAL-0.3)
Added Component: Designator=R5(AXIAL-0.3)
Added Component: Designator=R6(AXIAL-0.3)
Added Component: Designator=R7(AXIAL-0.3)
Added Component: Designator=R8(AXIAL-0.3)
Added Component: Designator=R9(AXIAL-0.3)
Added Component: Designator=R10(AXIAL-0.3)
Added Component: Designator=R11(AXIAL-0.3)
Added Component: Designator=R12(AXIAL-0.3)
Added Component: Designator=R13(AXIAL-0.3)
Added Component: Designator=U1(SPDIP300-SP28)
Added Component: Designator=U2(PA8)
Added Component: Designator=U3(N016)
Added Component: Designator=U4(DIP762W50P254L730H410Q6)
Added Component: Designator=U5(DIP762W50P254L730H410Q6)
Added Component: Designator=Y1(Cristal mini)
Added Pin To Net: NetName=5VCC Pin=C1-1
Added Pin To Net: NetName=5VCC Pin=C6-2
Added Pin To Net: NetName=5VCC Pin=D5-1
Added Pin To Net: NetName=5VCC Pin=D6-2
Added Pin To Net: NetName=5VCC Pin=D7-1
Added Pin To Net: NetName=5VCC Pin=D8-2
Added Pin To Net: NetName=5VCC Pin=J1-1
Added Pin To Net: NetName=5VCC Pin=P2-1
Added Pin To Net: NetName=5VCC Pin=R11-1
Added Pin To Net: NetName=5VCC Pin=R13-1
Added Pin To Net: NetName=5VCC Pin=U1-1
Added Pin To Net: NetName=5VCC Pin=U1-20
Added Pin To Net: NetName=5VCC Pin=U2-8
Added Pin To Net: NetName=5VCC Pin=U3-16
Added Net: Name=5VCC
Added Pin To Net: NetName=A Pin=P3-1
Added Pin To Net: NetName=A Pin=P3-3
Added Pin To Net: NetName=A Pin=P3-5
Added Pin To Net: NetName=A Pin=P3-7
Added Pin To Net: NetName=A Pin=P3-9
Added Pin To Net: NetName=A Pin=P3-11
Added Pin To Net: NetName=A Pin=P3-13
Added Pin To Net: NetName=A Pin=P3-15
Added Pin To Net: NetName=A Pin=P3-17
Added Pin To Net: NetName=A Pin=P3-19
Added Pin To Net: NetName=A Pin=U2-6
Added Net: Name=A
Added Pin To Net: NetName=BOTON_PANICO2 Pin=P2-2
Added Pin To Net: NetName=BOTON_PANICO2 Pin=R9-2
Added Pin To Net: NetName=BOTON_PANICO2 Pin=U1-7
Added Net: Name=BOTON_PANICO2
Added Pin To Net: NetName=B Pin=P3-2
Added Pin To Net: NetName=B Pin=P3-4
Added Pin To Net: NetName=B Pin=P3-6
Added Pin To Net: NetName=B Pin=P3-8
Added Pin To Net: NetName=B Pin=P3-10
Added Pin To Net: NetName=B Pin=P3-12
Added Pin To Net: NetName=B Pin=P3-14
Added Pin To Net: NetName=B Pin=P3-16
Added Pin To Net: NetName=B Pin=P3-18
Added Pin To Net: NetName=B Pin=P3-20
Added Pin To Net: NetName=B Pin=U2-7
Added Net: Name=B
Added Pin To Net: NetName=D+ Pin=J1-3
Added Pin To Net: NetName=D+ Pin=U1-16
Added Net: Name=D+
Added Pin To Net: NetName=D- Pin=J1-2
Added Pin To Net: NetName=D- Pin=U1-15
Added Net: Name=D-
Added Pin To Net: NetName=DE1_485 Pin=U1-4
Added Pin To Net: NetName=DE1_485 Pin=U2-2
Added Pin To Net: NetName=DE1_485 Pin=U2-3
Added Net: Name=DE1_485
Added Pin To Net: NetName=DI1_485 Pin=U1-24
Added Pin To Net: NetName=DI1_485 Pin=U2-4
Added Net: Name=DI1_485
Added Pin To Net: NetName=GND Pin=C1-2
Added Pin To Net: NetName=GND Pin=C2-1
Added Pin To Net: NetName=GND Pin=C3-1
Added Pin To Net: NetName=GND Pin=C4-1
Added Pin To Net: NetName=GND Pin=C5-1
Added Pin To Net: NetName=GND Pin=D1-2
Added Pin To Net: NetName=GND Pin=D2-2
Added Pin To Net: NetName=GND Pin=D3-2
Added Pin To Net: NetName=GND Pin=D4-2
Added Pin To Net: NetName=GND Pin=J1-4
Added Pin To Net: NetName=GND Pin=P5-3
Added Pin To Net: NetName=GND Pin=Q1-1
Added Pin To Net: NetName=GND Pin=Q2-1
Added Pin To Net: NetName=GND Pin=R9-1
Added Pin To Net: NetName=GND Pin=U1-8
Added Pin To Net: NetName=GND Pin=U1-19
Added Pin To Net: NetName=GND Pin=U2-5
Added Pin To Net: NetName=GND Pin=U3-15
Added Pin To Net: NetName=GND Pin=U4-4
Added Pin To Net: NetName=GND Pin=U5-4
Added Net: Name=GND
Added Pin To Net: NetName=LED_ENV_485 Pin=R2-1
Added Pin To Net: NetName=LED_ENV_485 Pin=U1-6
Added Net: Name=LED_ENV_485
Added Pin To Net: NetName=LED_ENV_USB Pin=R4-1
Added Pin To Net: NetName=LED_ENV_USB Pin=U1-28
Added Net: Name=LED_ENV_USB
Added Pin To Net: NetName=LED_RCB_485 Pin=R1-1
Added Pin To Net: NetName=LED_RCB_485 Pin=U1-5
Added Net: Name=LED_RCB_485
Added Pin To Net: NetName=LED_RCB_USB Pin=R3-1
Added Pin To Net: NetName=LED_RCB_USB Pin=U1-27
Added Net: Name=LED_RCB_USB
Added Pin To Net: NetName=NetC2_2 Pin=C2-2
Added Pin To Net: NetName=NetC2_2 Pin=U1-14
Added Net: Name=NetC2_2
Added Pin To Net: NetName=NetC3_2 Pin=C3-2
Added Pin To Net: NetName=NetC3_2 Pin=U1-9
Added Pin To Net: NetName=NetC3_2 Pin=Y1-2
Added Net: Name=NetC3_2
Added Pin To Net: NetName=NetC4_2 Pin=C4-2
Added Pin To Net: NetName=NetC4_2 Pin=U1-10
Added Pin To Net: NetName=NetC4_2 Pin=Y1-1
Added Net: Name=NetC4_2
Added Pin To Net: NetName=NetC5_2 Pin=C5-2
Added Pin To Net: NetName=NetC5_2 Pin=U3-6
Added Net: Name=NetC5_2
Added Pin To Net: NetName=NetC6_1 Pin=C6-1
Added Pin To Net: NetName=NetC6_1 Pin=U3-2
Added Net: Name=NetC6_1
Added Pin To Net: NetName=NetC7_1 Pin=C7-1
Added Pin To Net: NetName=NetC7_1 Pin=U3-1
Added Net: Name=NetC7_1
Added Pin To Net: NetName=NetC7_2 Pin=C7-2
Added Pin To Net: NetName=NetC7_2 Pin=U3-3
Added Net: Name=NetC7_2
Added Pin To Net: NetName=NetC8_1 Pin=C8-1
Added Pin To Net: NetName=NetC8_1 Pin=U3-4
Added Net: Name=NetC8_1
Added Pin To Net: NetName=NetC8_2 Pin=C8-2
Added Pin To Net: NetName=NetC8_2 Pin=U3-5
Added Net: Name=NetC8_2
Added Pin To Net: NetName=NetD1_1 Pin=D1-1
Added Pin To Net: NetName=NetD1_1 Pin=R1-2
Added Net: Name=NetD1_1
Added Pin To Net: NetName=NetD2_1 Pin=D2-1
Added Pin To Net: NetName=NetD2_1 Pin=R2-2
Added Net: Name=NetD2_1
Added Pin To Net: NetName=NetD3_1 Pin=D3-1
Added Pin To Net: NetName=NetD3_1 Pin=R3-2
Added Net: Name=NetD3_1
Added Pin To Net: NetName=NetD4_1 Pin=D4-1
Added Pin To Net: NetName=NetD4_1 Pin=R4-2
Added Net: Name=NetD4_1
Added Pin To Net: NetName=NetD5_2 Pin=D5-2
Added Pin To Net: NetName=NetD5_2 Pin=R6-2
Added Net: Name=NetD5_2
Added Pin To Net: NetName=NetD6_1 Pin=D6-1
Added Pin To Net: NetName=NetD6_1 Pin=Q1-3
Added Pin To Net: NetName=NetD6_1 Pin=R6-1
Added Net: Name=NetD6_1
Added Pin To Net: NetName=NetD7_2 Pin=D7-2
Added Pin To Net: NetName=NetD7_2 Pin=R8-2
Added Net: Name=NetD7_2
Added Pin To Net: NetName=NetD8_1 Pin=D8-1
Added Pin To Net: NetName=NetD8_1 Pin=Q2-3
Added Pin To Net: NetName=NetD8_1 Pin=R8-1
Added Net: Name=NetD8_1
Added Pin To Net: NetName=NetP4_1 Pin=P4-1
Added Pin To Net: NetName=NetP4_1 Pin=R10-2
Added Net: Name=NetP4_1
Added Pin To Net: NetName=NetP4_2 Pin=P4-2
Added Pin To Net: NetName=NetP4_2 Pin=U4-2
Added Net: Name=NetP4_2
Added Pin To Net: NetName=NetP4_3 Pin=P4-3
Added Pin To Net: NetName=NetP4_3 Pin=R12-2
Added Net: Name=NetP4_3
Added Pin To Net: NetName=NetP4_4 Pin=P4-4
Added Pin To Net: NetName=NetP4_4 Pin=U5-2
Added Net: Name=NetP4_4
Added Pin To Net: NetName=NetQ1_2 Pin=Q1-2
Added Pin To Net: NetName=NetQ1_2 Pin=R5-2
Added Net: Name=NetQ1_2
Added Pin To Net: NetName=NetQ2_2 Pin=Q2-2
Added Pin To Net: NetName=NetQ2_2 Pin=R7-2
Added Net: Name=NetQ2_2
Added Pin To Net: NetName=NetR10_1 Pin=R10-1
Added Pin To Net: NetName=NetR10_1 Pin=U4-1
Added Net: Name=NetR10_1
Added Pin To Net: NetName=NetR12_1 Pin=R12-1
Added Pin To Net: NetName=NetR12_1 Pin=U5-1
Added Net: Name=NetR12_1
Added Pin To Net: NetName=OPTO1 Pin=R11-2
Added Pin To Net: NetName=OPTO1 Pin=U1-11
Added Pin To Net: NetName=OPTO1 Pin=U4-5
Added Net: Name=OPTO1
Added Pin To Net: NetName=OPTO2 Pin=R13-2
Added Pin To Net: NetName=OPTO2 Pin=U1-12
Added Pin To Net: NetName=OPTO2 Pin=U5-5
Added Net: Name=OPTO2
Added Pin To Net: NetName=RELE1C Pin=P1-1
Added Net: Name=RELE1C
Added Pin To Net: NetName=RELE1NC Pin=P1-2
Added Net: Name=RELE1NC
Added Pin To Net: NetName=RELE1NO Pin=P1-3
Added Net: Name=RELE1NO
Added Pin To Net: NetName=RELE1 Pin=R5-1
Added Pin To Net: NetName=RELE1 Pin=U1-25
Added Net: Name=RELE1
Added Pin To Net: NetName=RELE2C Pin=P1-4
Added Net: Name=RELE2C
Added Pin To Net: NetName=RELE2NC Pin=P1-5
Added Net: Name=RELE2NC
Added Pin To Net: NetName=RELE2NO Pin=P1-6
Added Net: Name=RELE2NO
Added Pin To Net: NetName=RELE2 Pin=R7-1
Added Pin To Net: NetName=RELE2 Pin=U1-26
Added Net: Name=RELE2
Added Pin To Net: NetName=RO1_485 Pin=U1-21
Added Pin To Net: NetName=RO1_485 Pin=U2-1
Added Net: Name=RO1_485
Added Pin To Net: NetName=RS232_RXPC Pin=P5-2
Added Pin To Net: NetName=RS232_RXPC Pin=U3-8
Added Net: Name=RS232_RXPC
Added Pin To Net: NetName=RS232_TXPC Pin=P5-1
Added Pin To Net: NetName=RS232_TXPC Pin=U3-7
Added Net: Name=RS232_TXPC
Added Pin To Net: NetName=TTL_RX1 Pin=U1-3
Added Pin To Net: NetName=TTL_RX1 Pin=U3-9
Added Net: Name=TTL_RX1
Added Pin To Net: NetName=TTL_TX1 Pin=U1-2
Added Pin To Net: NetName=TTL_TX1 Pin=U3-10
Added Net: Name=TTL_TX1
Added Class: Name=concentrador
Added Room: Name=concentrador
