Removed Pin From Net: NetName=NetF1_2 Pin=F1-2
Removed Pin From Net: NetName=NetF1_2 Pin=F1-2
Removed Pin From Net: NetName=NetF2_2 Pin=F2-2
Removed Pin From Net: NetName=NetF2_2 Pin=F2-2
Removed Pin From Net: NetName=NetF3_2 Pin=F3-2
Removed Pin From Net: NetName=NetF3_2 Pin=F3-2
Removed Pin From Net: NetName=NetF4_2 Pin=F4-2
Removed Pin From Net: NetName=NetF4_2 Pin=F4-2
Removed Pin From Net: NetName=NetF1_2 Pin=P1-2
Removed Pin From Net: NetName=NetF1_2 Pin=P1-2
Removed Pin From Net: NetName=NetF2_2 Pin=P1-3
Removed Pin From Net: NetName=NetF2_2 Pin=P1-3
Removed Pin From Net: NetName=NetF3_2 Pin=P1-5
Removed Pin From Net: NetName=NetF3_2 Pin=P1-5
Removed Pin From Net: NetName=NetF4_2 Pin=P1-6
Removed Pin From Net: NetName=NetF4_2 Pin=P1-6
Added Component: Designator=D9(LED3MM green)
Added Component: Designator=D10(LED3MM green)
Added Component: Designator=D11(LED3MM green)
Added Component: Designator=D12(LED3MM green)
Added Component: Designator=R14(AXIAL-0.3)
Added Component: Designator=R15(AXIAL-0.3)
Added Component: Designator=R16(AXIAL-0.3)
Added Component: Designator=R17(AXIAL-0.3)
Added Pin To Net: NetName=NetF1_2 Pin=D9-1
Added Pin To Net: NetName=NetF2_2 Pin=D9-2
Added Pin To Net: NetName=NetF3_2 Pin=D10-1
Added Pin To Net: NetName=NetF4_2 Pin=D10-2
Added Pin To Net: NetName=NetF2_2 Pin=F1-2
Added Pin To Net: NetName=NetF2_2 Pin=F1-2
Added Pin To Net: NetName=NetF4_2 Pin=F2-2
Added Pin To Net: NetName=NetF4_2 Pin=F2-2
Added Pin To Net: NetName=NetF2_2 Pin=P1-2
Added Pin To Net: NetName=NetF2_2 Pin=P1-2
Added Pin To Net: NetName=NetF4_2 Pin=P1-3
Added Pin To Net: NetName=NetF4_2 Pin=P1-3
Added Pin To Net: NetName=RELE1NC Pin=R14-1
Added Pin To Net: NetName=NetF1_2 Pin=R14-2
Added Pin To Net: NetName=RELE1NO Pin=R15-1
Added Pin To Net: NetName=NetF3_2 Pin=R15-2
Added Pin To Net: NetName=RELE2NC Pin=R16-1
Added Pin To Net: NetName=RELE2NO Pin=R17-1
Change Net Name : Old Net Name=NetF1_2 New Net Name=NetD9_1
Change Net Name : Old Net Name=NetF2_2 New Net Name=NetD9_2
Change Net Name : Old Net Name=NetF3_2 New Net Name=NetD10_1
Change Net Name : Old Net Name=NetF4_2 New Net Name=NetD10_2
Added Pin To Net: NetName=NetD11_1 Pin=D11-1
Added Pin To Net: NetName=NetD11_1 Pin=R16-2
Added Net: Name=NetD11_1
Added Pin To Net: NetName=NetD11_2 Pin=D11-2
Added Pin To Net: NetName=NetD11_2 Pin=F3-2
Added Pin To Net: NetName=NetD11_2 Pin=F3-2
Added Pin To Net: NetName=NetD11_2 Pin=P1-5
Added Pin To Net: NetName=NetD11_2 Pin=P1-5
Added Net: Name=NetD11_2
Added Pin To Net: NetName=NetD12_1 Pin=D12-1
Added Pin To Net: NetName=NetD12_1 Pin=R17-2
Added Net: Name=NetD12_1
Added Pin To Net: NetName=NetD12_2 Pin=D12-2
Added Pin To Net: NetName=NetD12_2 Pin=F4-2
Added Pin To Net: NetName=NetD12_2 Pin=F4-2
Added Pin To Net: NetName=NetD12_2 Pin=P1-6
Added Pin To Net: NetName=NetD12_2 Pin=P1-6
Added Net: Name=NetD12_2
Added Member To Class: ClassName=concentrador Member=Component D9 LED0
Added Member To Class: ClassName=concentrador Member=Component D10 LED0
Added Member To Class: ClassName=concentrador Member=Component D11 LED0
Added Member To Class: ClassName=concentrador Member=Component D12 LED0
Added Member To Class: ClassName=concentrador Member=Component R14 Res1
Added Member To Class: ClassName=concentrador Member=Component R15 Res1
Added Member To Class: ClassName=concentrador Member=Component R16 Res1
Added Member To Class: ClassName=concentrador Member=Component R17 Res1
Added Room: Name=concentrador
