Added Component: Designator=C1(Lenteja)
Added Component: Designator=C2(Lenteja)
Added Component: Designator=C3(Lenteja)
Added Component: Designator=C4(Lenteja)
Added Component: Designator=C5(Radial 6.3x11)
Added Component: Designator=C6(Radial 6.3x11)
Added Component: Designator=C7(Radial 6.3x11)
Added Component: Designator=C8(Radial 6.3x11)
Added Component: Designator=D1(LED3MM green)
Added Component: Designator=D2(LED3MM green)
Added Component: Designator=D3(LED3MM green)
Added Component: Designator=D4(LED3MM green)
Added Component: Designator=D5(LED3MM green)
Added Component: Designator=D6(DO-41)
Added Component: Designator=D7(LED3MM green)
Added Component: Designator=D8(DO-41)
Added Component: Designator=F1(PORTA_FUSE)
Added Component: Designator=F2(PORTA_FUSE)
Added Component: Designator=F3(PORTA_FUSE)
Added Component: Designator=F4(PORTA_FUSE)
Added Component: Designator=J1(1-1470156)
Added Component: Designator=K1(RELE)
Added Component: Designator=K2(RELE)
Added Component: Designator=P1(PCBComponent_1)
Added Component: Designator=P2(PCBComponent_1)
Added Component: Designator=P3(8PEQ_TAIYUE_OK)
Added Component: Designator=P4(8PEQ_TAIYUE_OK)
Added Component: Designator=P5(HDR1X3)
Added Component: Designator=Q1(2N3904_OK)
Added Component: Designator=Q2(2N3904_OK)
Added Component: Designator=R1(AXIAL-0.3)
Added Component: Designator=R2(AXIAL-0.3)
Added Component: Designator=R3(AXIAL-0.3)
Added Component: Designator=R4(AXIAL-0.3)
Added Component: Designator=R5(AXIAL-0.3)
Added Component: Designator=R6(AXIAL-0.3)
Added Component: Designator=R7(AXIAL-0.3)
Added Component: Designator=R8(AXIAL-0.3)
Added Component: Designator=R9(AXIAL-0.3)
Added Component: Designator=R10(AXIAL-0.3)
Added Component: Designator=R11(AXIAL-0.3)
Added Component: Designator=R12(AXIAL-0.3)
Added Component: Designator=R13(AXIAL-0.3)
Added Component: Designator=U1(SPDIP300-SP28)
Added Component: Designator=U2(PA8)
Added Component: Designator=U3(N016)
Added Component: Designator=U4(DIP762W50P254L730H410Q6)
Added Component: Designator=U5(DIP762W50P254L730H410Q6)
Added Component: Designator=Y1(Cristal mini)
Added Pin To Net: NetName=GND Pin=C1-2
Added Pin To Net: NetName=GND Pin=C2-1
Added Pin To Net: NetName=NetC2_2 Pin=C2-2
Added Pin To Net: NetName=GND Pin=C3-1
Added Pin To Net: NetName=NetC3_2 Pin=C3-2
Added Pin To Net: NetName=GND Pin=C4-1
Added Pin To Net: NetName=NetC4_2 Pin=C4-2
Added Pin To Net: NetName=GND Pin=C5-1
Added Pin To Net: NetName=NetC5_2 Pin=C5-2
Added Pin To Net: NetName=NetC6_1 Pin=C6-1
Added Pin To Net: NetName=NetC7_1 Pin=C7-1
Added Pin To Net: NetName=NetC7_2 Pin=C7-2
Added Pin To Net: NetName=NetC8_2 Pin=C8-2
Added Pin To Net: NetName=NetD1_1 Pin=D1-1
Added Pin To Net: NetName=GND Pin=D1-2
Added Pin To Net: NetName=NetD2_1 Pin=D2-1
Added Pin To Net: NetName=GND Pin=D2-2
Added Pin To Net: NetName=NetD3_1 Pin=D3-1
Added Pin To Net: NetName=GND Pin=D3-2
Added Pin To Net: NetName=NetD4_1 Pin=D4-1
Added Pin To Net: NetName=GND Pin=D4-2
Added Pin To Net: NetName=NetD5_2 Pin=D5-2
Added Pin To Net: NetName=NetD6_1 Pin=D6-1
Added Pin To Net: NetName=NetD7_2 Pin=D7-2
Added Pin To Net: NetName=NetD8_1 Pin=D8-1
Added Pin To Net: NetName=RELE1NC Pin=F1-1
Added Pin To Net: NetName=RELE1NC Pin=F1-1
Added Pin To Net: NetName=RELE1NO Pin=F2-1
Added Pin To Net: NetName=RELE1NO Pin=F2-1
Added Pin To Net: NetName=RELE2NC Pin=F3-1
Added Pin To Net: NetName=RELE2NC Pin=F3-1
Added Pin To Net: NetName=NetP4_4 Pin=F3-2
Added Pin To Net: NetName=NetP4_4 Pin=F3-2
Added Pin To Net: NetName=RELE2NO Pin=F4-1
Added Pin To Net: NetName=RELE2NO Pin=F4-1
Added Pin To Net: NetName=NetP4_3 Pin=F4-2
Added Pin To Net: NetName=NetP4_3 Pin=F4-2
Added Pin To Net: NetName=D- Pin=J1-2
Added Pin To Net: NetName=D+ Pin=J1-3
Added Pin To Net: NetName=GND Pin=J1-4
Added Pin To Net: NetName=RELE1C Pin=K1-1
Added Pin To Net: NetName=RELE1NC Pin=K1-2
Added Pin To Net: NetName=RELE1NO Pin=K1-3
Added Pin To Net: NetName=NetD6_1 Pin=K1-5
Added Pin To Net: NetName=RELE2C Pin=K2-1
Added Pin To Net: NetName=RELE2NC Pin=K2-2
Added Pin To Net: NetName=RELE2NO Pin=K2-3
Added Pin To Net: NetName=NetD8_1 Pin=K2-5
Added Pin To Net: NetName=RELE1C Pin=P1-1
Added Pin To Net: NetName=RELE1C Pin=P1-1
Added Pin To Net: NetName=RELE2C Pin=P1-4
Added Pin To Net: NetName=RELE2C Pin=P1-4
Added Pin To Net: NetName=NetP4_4 Pin=P1-5
Added Pin To Net: NetName=NetP4_4 Pin=P1-5
Added Pin To Net: NetName=NetP4_3 Pin=P1-6
Added Pin To Net: NetName=NetP4_3 Pin=P1-6
Added Pin To Net: NetName=BOTON_PANICO2 Pin=P2-2
Added Pin To Net: NetName=BOTON_PANICO2 Pin=P2-2
Added Pin To Net: NetName=NetP4_2 Pin=P2-3
Added Pin To Net: NetName=NetP4_2 Pin=P2-3
Added Pin To Net: NetName=NetP4_1 Pin=P2-4
Added Pin To Net: NetName=NetP4_1 Pin=P2-4
Added Pin To Net: NetName=NetC8_1 Pin=P2-5
Added Pin To Net: NetName=NetC8_1 Pin=P2-5
Added Pin To Net: NetName=5VCC Pin=P2-6
Added Pin To Net: NetName=5VCC Pin=P2-6
Added Pin To Net: NetName=A Pin=P3-1
Added Pin To Net: NetName=A Pin=P3-1
Added Pin To Net: NetName=A Pin=P3-1
Added Pin To Net: NetName=A Pin=P3-2
Added Pin To Net: NetName=A Pin=P3-3
Added Pin To Net: NetName=A Pin=P3-4
Added Pin To Net: NetName=B Pin=P3-5
Added Pin To Net: NetName=B Pin=P3-6
Added Pin To Net: NetName=B Pin=P3-7
Added Pin To Net: NetName=B Pin=P3-8
Added Pin To Net: NetName=A Pin=P4-1
Added Pin To Net: NetName=A Pin=P4-1
Added Pin To Net: NetName=A Pin=P4-1
Added Pin To Net: NetName=A Pin=P4-2
Added Pin To Net: NetName=A Pin=P4-3
Added Pin To Net: NetName=A Pin=P4-4
Added Pin To Net: NetName=B Pin=P4-5
Added Pin To Net: NetName=B Pin=P4-6
Added Pin To Net: NetName=B Pin=P4-7
Added Pin To Net: NetName=B Pin=P4-8
Added Pin To Net: NetName=RS232_TXPC Pin=P5-1
Added Pin To Net: NetName=RS232_RXPC Pin=P5-2
Added Pin To Net: NetName=GND Pin=P5-3
Added Pin To Net: NetName=GND Pin=Q1-1
Added Pin To Net: NetName=NetQ1_2 Pin=Q1-2
Added Pin To Net: NetName=NetD6_1 Pin=Q1-3
Added Pin To Net: NetName=GND Pin=Q2-1
Added Pin To Net: NetName=NetQ2_2 Pin=Q2-2
Added Pin To Net: NetName=NetD8_1 Pin=Q2-3
Added Pin To Net: NetName=LED_RCB_485 Pin=R1-1
Added Pin To Net: NetName=NetD1_1 Pin=R1-2
Added Pin To Net: NetName=LED_ENV_485 Pin=R2-1
Added Pin To Net: NetName=NetD2_1 Pin=R2-2
Added Pin To Net: NetName=LED_RCB_USB Pin=R3-1
Added Pin To Net: NetName=NetD3_1 Pin=R3-2
Added Pin To Net: NetName=LED_ENV_USB Pin=R4-1
Added Pin To Net: NetName=NetD4_1 Pin=R4-2
Added Pin To Net: NetName=RELE1 Pin=R5-1
Added Pin To Net: NetName=NetQ1_2 Pin=R5-2
Added Pin To Net: NetName=NetD6_1 Pin=R6-1
Added Pin To Net: NetName=NetD5_2 Pin=R6-2
Added Pin To Net: NetName=RELE2 Pin=R7-1
Added Pin To Net: NetName=NetQ2_2 Pin=R7-2
Added Pin To Net: NetName=NetD8_1 Pin=R8-1
Added Pin To Net: NetName=NetD7_2 Pin=R8-2
Added Pin To Net: NetName=GND Pin=R9-1
Added Pin To Net: NetName=BOTON_PANICO2 Pin=R9-2
Added Pin To Net: NetName=NetR10_1 Pin=R10-1
Added Pin To Net: NetName=5VCC Pin=R10-2
Added Pin To Net: NetName=OPTO1 Pin=R11-2
Added Pin To Net: NetName=NetR12_1 Pin=R12-1
Added Pin To Net: NetName=NetP4_1 Pin=R12-2
Added Pin To Net: NetName=OPTO2 Pin=R13-2
Added Pin To Net: NetName=TTL_TX1 Pin=U1-2
Added Pin To Net: NetName=TTL_RX1 Pin=U1-3
Added Pin To Net: NetName=DE1_485 Pin=U1-4
Added Pin To Net: NetName=LED_RCB_485 Pin=U1-5
Added Pin To Net: NetName=LED_ENV_485 Pin=U1-6
Added Pin To Net: NetName=BOTON_PANICO2 Pin=U1-7
Added Pin To Net: NetName=GND Pin=U1-8
Added Pin To Net: NetName=NetC3_2 Pin=U1-9
Added Pin To Net: NetName=NetC4_2 Pin=U1-10
Added Pin To Net: NetName=OPTO1 Pin=U1-11
Added Pin To Net: NetName=OPTO2 Pin=U1-12
Added Pin To Net: NetName=NetC2_2 Pin=U1-14
Added Pin To Net: NetName=D- Pin=U1-15
Added Pin To Net: NetName=D+ Pin=U1-16
Added Pin To Net: NetName=GND Pin=U1-19
Added Pin To Net: NetName=RO1_485 Pin=U1-21
Added Pin To Net: NetName=DI1_485 Pin=U1-24
Added Pin To Net: NetName=RELE1 Pin=U1-25
Added Pin To Net: NetName=RELE2 Pin=U1-26
Added Pin To Net: NetName=LED_RCB_USB Pin=U1-27
Added Pin To Net: NetName=LED_ENV_USB Pin=U1-28
Added Pin To Net: NetName=RO1_485 Pin=U2-1
Added Pin To Net: NetName=DE1_485 Pin=U2-2
Added Pin To Net: NetName=DE1_485 Pin=U2-3
Added Pin To Net: NetName=DI1_485 Pin=U2-4
Added Pin To Net: NetName=GND Pin=U2-5
Added Pin To Net: NetName=A Pin=U2-6
Added Pin To Net: NetName=B Pin=U2-7
Added Pin To Net: NetName=NetC7_1 Pin=U3-1
Added Pin To Net: NetName=NetC6_1 Pin=U3-2
Added Pin To Net: NetName=NetC7_2 Pin=U3-3
Added Pin To Net: NetName=NetC8_2 Pin=U3-5
Added Pin To Net: NetName=NetC5_2 Pin=U3-6
Added Pin To Net: NetName=RS232_TXPC Pin=U3-7
Added Pin To Net: NetName=RS232_RXPC Pin=U3-8
Added Pin To Net: NetName=TTL_RX1 Pin=U3-9
Added Pin To Net: NetName=TTL_TX1 Pin=U3-10
Added Pin To Net: NetName=GND Pin=U3-15
Added Pin To Net: NetName=NetR10_1 Pin=U4-1
Added Pin To Net: NetName=NetC8_1 Pin=U4-2
Added Pin To Net: NetName=GND Pin=U4-4
Added Pin To Net: NetName=OPTO1 Pin=U4-5
Added Pin To Net: NetName=NetR12_1 Pin=U5-1
Added Pin To Net: NetName=NetP4_2 Pin=U5-2
Added Pin To Net: NetName=GND Pin=U5-4
Added Pin To Net: NetName=OPTO2 Pin=U5-5
Added Pin To Net: NetName=NetC4_2 Pin=Y1-1
Added Pin To Net: NetName=NetC3_2 Pin=Y1-2
Change Net Name : Old Net Name=5VCC New Net Name=NetP2_6
Change Net Name : Old Net Name=NetC8_1 New Net Name=NetP2_5
Change Net Name : Old Net Name=NetP4_1 New Net Name=NetP2_4
Change Net Name : Old Net Name=NetP4_2 New Net Name=NetP2_3
Change Net Name : Old Net Name=NetP4_3 New Net Name=NetF4_2
Change Net Name : Old Net Name=NetP4_4 New Net Name=NetF3_2
Added Pin To Net: NetName=BOTON_PANICO1 Pin=C1-1
Added Pin To Net: NetName=BOTON_PANICO1 Pin=C6-2
Added Pin To Net: NetName=BOTON_PANICO1 Pin=D5-1
Added Pin To Net: NetName=BOTON_PANICO1 Pin=D6-2
Added Pin To Net: NetName=BOTON_PANICO1 Pin=D7-1
Added Pin To Net: NetName=BOTON_PANICO1 Pin=D8-2
Added Pin To Net: NetName=BOTON_PANICO1 Pin=J1-1
Added Pin To Net: NetName=BOTON_PANICO1 Pin=K1-4
Added Pin To Net: NetName=BOTON_PANICO1 Pin=K2-4
Added Pin To Net: NetName=BOTON_PANICO1 Pin=P2-1
Added Pin To Net: NetName=BOTON_PANICO1 Pin=P2-1
Added Pin To Net: NetName=BOTON_PANICO1 Pin=R11-1
Added Pin To Net: NetName=BOTON_PANICO1 Pin=R13-1
Added Pin To Net: NetName=BOTON_PANICO1 Pin=U1-1
Added Pin To Net: NetName=BOTON_PANICO1 Pin=U1-20
Added Pin To Net: NetName=BOTON_PANICO1 Pin=U2-8
Added Pin To Net: NetName=BOTON_PANICO1 Pin=U3-16
Added Net: Name=BOTON_PANICO1
Added Pin To Net: NetName=NetF1_2 Pin=F1-2
Added Pin To Net: NetName=NetF1_2 Pin=F1-2
Added Pin To Net: NetName=NetF1_2 Pin=P1-2
Added Pin To Net: NetName=NetF1_2 Pin=P1-2
Added Net: Name=NetF1_2
Added Pin To Net: NetName=NetF2_2 Pin=F2-2
Added Pin To Net: NetName=NetF2_2 Pin=F2-2
Added Pin To Net: NetName=NetF2_2 Pin=P1-3
Added Pin To Net: NetName=NetF2_2 Pin=P1-3
Added Net: Name=NetF2_2
Added Member To Class: ClassName=concentrador Member=Component C1 Cap
Added Member To Class: ClassName=concentrador Member=Component C2 Cap
Added Member To Class: ClassName=concentrador Member=Component C3 Cap
Added Member To Class: ClassName=concentrador Member=Component C4 Cap
Added Member To Class: ClassName=concentrador Member=Component C5 Cap Pol1
Added Member To Class: ClassName=concentrador Member=Component C6 Cap Pol1
Added Member To Class: ClassName=concentrador Member=Component C7 Cap Pol1
Added Member To Class: ClassName=concentrador Member=Component C8 Cap Pol1
Added Member To Class: ClassName=concentrador Member=Component D1 LED0
Added Member To Class: ClassName=concentrador Member=Component D2 LED0
Added Member To Class: ClassName=concentrador Member=Component D3 LED0
Added Member To Class: ClassName=concentrador Member=Component D4 LED0
Added Member To Class: ClassName=concentrador Member=Component D5 LED0
Added Member To Class: ClassName=concentrador Member=Component D6 Diode 1N4001
Added Member To Class: ClassName=concentrador Member=Component D7 LED0
Added Member To Class: ClassName=concentrador Member=Component D8 Diode 1N4001
Added Member To Class: ClassName=concentrador Member=Component F1 Fuse
Added Member To Class: ClassName=concentrador Member=Component F2 Fuse
Added Member To Class: ClassName=concentrador Member=Component F3 Fuse
Added Member To Class: ClassName=concentrador Member=Component F4 Fuse
Added Member To Class: ClassName=concentrador Member=Component J1 1-1470156-1
Added Member To Class: ClassName=concentrador Member=Component K1 Relay-SPDT
Added Member To Class: ClassName=concentrador Member=Component K2 Relay-SPDT
Added Member To Class: ClassName=concentrador Member=Component P1 Header 6
Added Member To Class: ClassName=concentrador Member=Component P2 Header 6
Added Member To Class: ClassName=concentrador Member=Component P3 MHDR1X8
Added Member To Class: ClassName=concentrador Member=Component P4 MHDR1X8
Added Member To Class: ClassName=concentrador Member=Component P5 Header 3
Added Member To Class: ClassName=concentrador Member=Component Q1 2N3904
Added Member To Class: ClassName=concentrador Member=Component Q2 2N3904
Added Member To Class: ClassName=concentrador Member=Component R1 Res1
Added Member To Class: ClassName=concentrador Member=Component R2 Res1
Added Member To Class: ClassName=concentrador Member=Component R3 Res1
Added Member To Class: ClassName=concentrador Member=Component R4 Res1
Added Member To Class: ClassName=concentrador Member=Component R5 Res1
Added Member To Class: ClassName=concentrador Member=Component R6 Res1
Added Member To Class: ClassName=concentrador Member=Component R7 Res1
Added Member To Class: ClassName=concentrador Member=Component R8 Res1
Added Member To Class: ClassName=concentrador Member=Component R9 Res1
Added Member To Class: ClassName=concentrador Member=Component R10 Res1
Added Member To Class: ClassName=concentrador Member=Component R11 Res1
Added Member To Class: ClassName=concentrador Member=Component R12 Res1
Added Member To Class: ClassName=concentrador Member=Component R13 Res1
Added Member To Class: ClassName=concentrador Member=Component U1 PIC18F2550-I/SP
Added Member To Class: ClassName=concentrador Member=Component U2 MAX485CPA
Added Member To Class: ClassName=concentrador Member=Component U3 MAX232N
Added Member To Class: ClassName=concentrador Member=Component U4 4N33
Added Member To Class: ClassName=concentrador Member=Component U5 4N33
Added Member To Class: ClassName=concentrador Member=Component Y1 XTAL
Added Room: Name=concentrador
