Removed Pin From Net: NetName=GND Pin=CONECTOR_CARRO-8
Removed Pin From Net: NetName=BUZZER Pin=Db-1
Removed Pin From Net: NetName=DET_5 Pin=JC1-4
Removed Pin From Net: NetName=RGB_V Pin=JC1-6
Removed Pin From Net: NetName=GND Pin=JC1-7
Removed Pin From Net: NetName=5VCC Pin=JC2-1
Removed Pin From Net: NetName=P_RJ45 Pin=JC2-7
Removed Pin From Net: NetName=GND Pin=JC2-8
Removed Pin From Net: NetName=GND Pin=LS1-2
Removed Pin From Net: NetName=5VCC Pin=R11-2
Removed Pin From Net: NetName=5VCC Pin=R12-2
Removed Pin From Net: NetName=RO_485 Pin=U2-33
Removed Pin From Net: NetName=DI_485 Pin=U2-36
Removed Pin From Net: NetName=5VCC Pin=U3-1
Removed Pin From Net: NetName=5VCC Pin=U3-2
Removed Pin From Net: NetName=5VCC Pin=U3-3
Removed Pin From Net: NetName=GND Pin=U3-4
Removed Pin From Net: NetName=GND Pin=U3-7
Removed Pin From Net: NetName=5VCC Pin=U3-8
Removed Member From Class: ClassName=U_MDL_CONTROL Member=Db
Removed Member From Class: ClassName=U_MDL_CONTROL Member=JC2
Removed Member From Class: ClassName=U_MDL_CONTROL Member=LS1
Removed Member From Class: ClassName=U_MDL_CONTROL Member=R11
Removed Member From Class: ClassName=U_MDL_CONTROL Member=R12
Removed Member From Class: ClassName=U_MDL_CONTROL Member=U3
Added Component: Designator=JP3(HDR1X2)
Added Component: Designator=JP4(HDR1X2)
Added Component: Designator=OP1(4n35_4n33_6pines)
Added Component: Designator=OP2(4n35_4n33_6pines)
Added Component: Designator=R7(AXIAL-0.3)
Added Component: Designator=R8(AXIAL-0.3)
Added Component: Designator=R9(AXIAL-0.3)
Added Component: Designator=R10(AXIAL-0.3)
Added Component: Designator=RJP3(AXIAL-0.3)
Added Component: Designator=RJP4(AXIAL-0.3)
Added Component: Designator=X2(XTAL-1)
Added Pin To Net: NetName=RGB_V Pin=JC1-4
Added Pin To Net: NetName=DET_5 Pin=JC1-6
Added Pin To Net: NetName=GND Pin=JP3-2
Added Pin To Net: NetName=GND Pin=JP4-2
Added Pin To Net: NetName=GND Pin=OP1-2
Added Pin To Net: NetName=GND Pin=OP1-8
Added Pin To Net: NetName=GND Pin=OP2-8
Added Pin To Net: NetName=5VCC Pin=R7-2
Added Pin To Net: NetName=24VCC Pin=R8-1
Added Pin To Net: NetName=5VCC Pin=R9-2
Added Pin To Net: NetName=24VCC Pin=R10-1
Added Pin To Net: NetName=5VCC Pin=RJP3-2
Added Pin To Net: NetName=5VCC Pin=RJP4-2
Change Net Name : Old Net Name=S_JP2 New Net Name=JUMPER_2
Added Pin To Net: NetName=ACTIVACION_COM Pin=U2-19
Added Pin To Net: NetName=ACTIVACION_COM Pin=U2-30
Added Net: Name=ACTIVACION_COM
Added Pin To Net: NetName=DET_1 Pin=P4-1
Added Pin To Net: NetName=DET_1 Pin=R16-1
Added Net: Name=DET_1
Added Pin To Net: NetName=DET_2 Pin=P5-1
Added Pin To Net: NetName=DET_2 Pin=R17-1
Added Net: Name=DET_2
Added Pin To Net: NetName=DET_3 Pin=P6-1
Added Pin To Net: NetName=DET_3 Pin=R18-1
Added Net: Name=DET_3
Added Pin To Net: NetName=DET_6 Pin=JC1-7
Added Net: Name=DET_6
Added Pin To Net: NetName=JUMPER_1 Pin=JP1-1
Added Pin To Net: NetName=JUMPER_1 Pin=R5-1
Added Pin To Net: NetName=JUMPER_1 Pin=U2-21
Added Net: Name=JUMPER_1
Added Pin To Net: NetName=JUMPER_3 Pin=JP3-1
Added Pin To Net: NetName=JUMPER_3 Pin=RJP3-1
Added Pin To Net: NetName=JUMPER_3 Pin=U2-27
Added Net: Name=JUMPER_3
Added Pin To Net: NetName=JUMPER_4 Pin=JP4-1
Added Pin To Net: NetName=JUMPER_4 Pin=RJP4-1
Added Pin To Net: NetName=JUMPER_4 Pin=U2-28
Added Net: Name=JUMPER_4
Added Pin To Net: NetName=NetCT1_1 Pin=U2-15
Added Pin To Net: NetName=NetCT1_1 Pin=X2-1
Added Net: Name=NetCT1_1
Added Pin To Net: NetName=NetCT2_2 Pin=U2-16
Added Pin To Net: NetName=NetCT2_2 Pin=X2-2
Added Net: Name=NetCT2_2
Added Pin To Net: NetName=NetOP1_1 Pin=OP1-1
Added Pin To Net: NetName=NetOP1_1 Pin=R8-2
Added Net: Name=NetOP1_1
Added Pin To Net: NetName=NetOP2_1 Pin=OP2-1
Added Pin To Net: NetName=NetOP2_1 Pin=R10-2
Added Net: Name=NetOP2_1
Added Pin To Net: NetName=OPTO_ALIMENTACION Pin=OP1-7
Added Pin To Net: NetName=OPTO_ALIMENTACION Pin=R7-1
Added Pin To Net: NetName=OPTO_ALIMENTACION Pin=U2-8
Added Net: Name=OPTO_ALIMENTACION
Added Pin To Net: NetName=OPTO_PUERTA Pin=OP2-7
Added Pin To Net: NetName=OPTO_PUERTA Pin=R9-1
Added Pin To Net: NetName=OPTO_PUERTA Pin=U2-9
Added Net: Name=OPTO_PUERTA
Added Pin To Net: NetName=PUERTA Pin=CONECTOR_CARRO-8
Added Net: Name=PUERTA
Added Pin To Net: NetName=PWM Pin=U2-17
Added Net: Name=PWM
Added Pin To Net: NetName=RE_485 Pin=U2-4
Added Net: Name=RE_485
Added Member To Class: ClassName=U_MDL_CONTROL Member=Component JP3 Header 2
Added Member To Class: ClassName=U_MDL_CONTROL Member=Component JP4 Header 2
Added Member To Class: ClassName=U_MDL_CONTROL Member=Component OP1 4N33
Added Member To Class: ClassName=U_MDL_CONTROL Member=Component OP2 4N33
Added Member To Class: ClassName=U_MDL_CONTROL Member=Component R7 Res
Added Member To Class: ClassName=U_MDL_CONTROL Member=Component R8 Res
Added Member To Class: ClassName=U_MDL_CONTROL Member=Component R9 Res
Added Member To Class: ClassName=U_MDL_CONTROL Member=Component R10 Res
Added Member To Class: ClassName=U_MDL_CONTROL Member=Component RJP3 Res
Added Member To Class: ClassName=U_MDL_CONTROL Member=Component RJP4 Res
Added Member To Class: ClassName=U_MDL_CONTROL Member=Component X2 20Mhz
