Change Component Designator: Old Designator=C? New Designator=C2
Change Component Designator: Old Designator=C? New Designator=C3
Change Component Designator: Old Designator=Cbk? New Designator=Cbk1
Change Component Designator: Old Designator=ICSP New Designator=ICSP1
Change Component Designator: Old Designator=OP2 New Designator=OP1
Change Component Designator: Old Designator=PBLUE New Designator=PBLUE1
Change Component Designator: Old Designator=Q? New Designator=Q1
Change Component Designator: Old Designator=R7 New Designator=R6
Change Component Designator: Old Designator=R8 New Designator=R7
Change Component Designator: Old Designator=R? New Designator=R5
Change Component Designator: Old Designator=R? New Designator=R8
Change Component Designator: Old Designator=R? New Designator=R9
Change Component Designator: Old Designator=R? New Designator=R10
Change Component Designator: Old Designator=R? New Designator=R11
Change Component Designator: Old Designator=R? New Designator=R12
Change Component Designator: Old Designator=R? New Designator=R13
Change Component Designator: Old Designator=R? New Designator=R14
Change Component Designator: Old Designator=RJP? New Designator=RJP1
Change Component Designator: Old Designator=RJP? New Designator=RJP2
Change Component Designator: Old Designator=RJP? New Designator=RJP3
Change Component Designator: Old Designator=RJP? New Designator=RJP4
Change Component Designator: Old Designator=RMCLR New Designator=RMCLR1
Change Component Designator: Old Designator=S? New Designator=S1
Change Component Designator: Old Designator=U? New Designator=U2
