Change Component Designator: Old Designator=B1 New Designator=B?
Change Component Designator: Old Designator=C3_ New Designator=C?
Change Component Designator: Old Designator=C4_ New Designator=C?
Change Component Designator: Old Designator=C_BK New Designator=C_BK?
Change Component Designator: Old Designator=ICSP New Designator=ICSP?
Change Component Designator: Old Designator=JC1 New Designator=JC?
Change Component Designator: Old Designator=JC2 New Designator=JC?
Change Component Designator: Old Designator=OP1 New Designator=OP?
Change Component Designator: Old Designator=OP2 New Designator=OP?
Change Component Designator: Old Designator=PBLUE New Designator=PBLUE?
Change Component Designator: Old Designator=R7 New Designator=R?
Change Component Designator: Old Designator=R8 New Designator=R?
Change Component Designator: Old Designator=R19_ New Designator=R?
Change Component Designator: Old Designator=RBBZ New Designator=RBBZ?
Change Component Designator: Old Designator=RBZ1 New Designator=RBZ?
Change Component Designator: Old Designator=RBZ2 New Designator=RBZ?
Change Component Designator: Old Designator=RMCLR New Designator=RMCLR?
Change Component Designator: Old Designator=RP1 New Designator=RP?
Change Component Designator: Old Designator=RP2 New Designator=RP?
Change Component Designator: Old Designator=RP3 New Designator=RP?
Change Component Designator: Old Designator=RP4 New Designator=RP?
Change Component Designator: Old Designator=RP5 New Designator=RP?
Change Component Designator: Old Designator=RP6 New Designator=RP?
Change Component Designator: Old Designator=RS9 New Designator=RS?
Change Component Designator: Old Designator=RS10 New Designator=RS?
Change Component Designator: Old Designator=X1_ New Designator=X?
