Change Component Designator: Old Designator=B? New Designator=B1
Change Component Designator: Old Designator=C? New Designator=C2
Change Component Designator: Old Designator=C? New Designator=C3
Change Component Designator: Old Designator=C_BK? New Designator=C_BK1
Change Component Designator: Old Designator=ICSP? New Designator=ICSP1
Change Component Designator: Old Designator=JC? New Designator=JC1
Change Component Designator: Old Designator=JC? New Designator=JC2
Change Component Designator: Old Designator=OP? New Designator=OP1
Change Component Designator: Old Designator=OP? New Designator=OP1
Change Component Designator: Old Designator=PBLUE? New Designator=PBLUE1
Change Component Designator: Old Designator=Q? New Designator=Q1
Change Component Designator: Old Designator=R? New Designator=R1
Change Component Designator: Old Designator=R? New Designator=R2
Change Component Designator: Old Designator=R? New Designator=R3
Change Component Designator: Old Designator=RBBZ? New Designator=RBBZ1
Change Component Designator: Old Designator=RBZ? New Designator=RBZ1
Change Component Designator: Old Designator=RBZ? New Designator=RBZ2
Change Component Designator: Old Designator=RMCLR? New Designator=RMCLR1
Change Component Designator: Old Designator=RP? New Designator=RP1
Change Component Designator: Old Designator=RP? New Designator=RP2
Change Component Designator: Old Designator=RP? New Designator=RP3
Change Component Designator: Old Designator=RP? New Designator=RP4
Change Component Designator: Old Designator=RP? New Designator=RP5
Change Component Designator: Old Designator=RP? New Designator=RP6
Change Component Designator: Old Designator=RS? New Designator=RS1
Change Component Designator: Old Designator=RS? New Designator=RS2
Change Component Designator: Old Designator=S? New Designator=S1
Change Component Designator: Old Designator=U? New Designator=U2
Change Component Designator: Old Designator=X? New Designator=X1
