Added Component: Designator=C1(VP44-2.5)
Added Component: Designator=C2(CAPR5-4X5)
Added Component: Designator=C3(VP31-2.5)
Added Component: Designator=C4(VP31-2.5)
Added Component: Designator=C5(C1UF)
Added Component: Designator=C6(C1UF)
Added Component: Designator=C7(C1UF)
Added Component: Designator=C8(C1UF)
Added Component: Designator=C9(VP44-2.5)
Added Component: Designator=C10(C1000UF)
Added Component: Designator=C11(VP44-2.5)
Added Component: Designator=C12(C1000UF)
Added Component: Designator=D1(1N4000)
Added Component: Designator=D2(1N4000)
Added Component: Designator=D5(LED3MM green)
Added Component: Designator=D6(DIODE-0.3A)
Added Component: Designator=D7(LED3MM green)
Added Component: Designator=D8(LED3MM green)
Added Component: Designator=D9(LED3MM green)
Added Component: Designator=D10(LED3MM green)
Added Component: Designator=D11(LED3MM green)
Added Component: Designator=F1(fusible1)
Added Component: Designator=F2(PORTA_FUSE)
Added Component: Designator=F3(PORTA_FUSE)
Added Component: Designator=H1(Header 1X6)
Added Component: Designator=H2(Header 1X2)
Added Component: Designator=K1(RELE)
Added Component: Designator=L1(Inductor_redondo)
Added Component: Designator=P1(8PEQ_TAIYUE_OK)
Added Component: Designator=P2(8PEQ_TAIYUE_OK)
Added Component: Designator=P3(8PEQ_TAIYUE_OK)
Added Component: Designator=Q1(2N3904_OK)
Added Component: Designator=R1(AXIAL-0.3)
Added Component: Designator=R2(AXIAL-0.3)
Added Component: Designator=R3(AXIAL-0.3)
Added Component: Designator=R4(AXIAL-0.3)
Added Component: Designator=R5(AXIAL-0.3)
Added Component: Designator=R6(AXIAL-0.3)
Added Component: Designator=R7(AXIAL-0.3)
Added Component: Designator=R8(AXIAL-0.3)
Added Component: Designator=R9(AXIAL-0.3)
Added Component: Designator=R10(AXIAL-0.3)
Added Component: Designator=R11(AXIAL-0.3)
Added Component: Designator=R12(AXIAL-0.3)
Added Component: Designator=R13(AXIAL-0.3)
Added Component: Designator=R14(AXIAL-0.3)
Added Component: Designator=R15(AXIAL-0.3)
Added Component: Designator=R16(AXIAL-0.3)
Added Component: Designator=R17(AXIAL-0.3)
Added Component: Designator=R18(AXIAL-0.3)
Added Component: Designator=R19(AXIAL-0.3)
Added Component: Designator=R20(AXIAL-0.3)
Added Component: Designator=R21(AXIAL-0.3)
Added Component: Designator=R22(AXIAL-0.3)
Added Component: Designator=RJ_SERIAL_1(15-43-6233)
Added Component: Designator=RJ_SERIAL_2(15-43-6233)
Added Component: Designator=U1(SPDIP300-SP28)
Added Component: Designator=U2(PA8)
Added Component: Designator=U3(N016)
Added Component: Designator=U5(4n35_4n33_6pines)
Added Component: Designator=U6(4n35_4n33_6pines)
Added Component: Designator=U7(4n35_4n33_6pines)
Added Component: Designator=U8(4n35_4n33_6pines)
Added Component: Designator=U9(4n35_4n33_6pines)
Added Component: Designator=U10(FP_LM2596_D_PCB)
Added Component: Designator=Y1(Cristal mini)
Added Pin To Net: NetName=5VCC Pin=C1-1
Added Pin To Net: NetName=5VCC Pin=C6-2
Added Pin To Net: NetName=5VCC Pin=C11-2
Added Pin To Net: NetName=5VCC Pin=C12-1
Added Pin To Net: NetName=5VCC Pin=D5-1
Added Pin To Net: NetName=5VCC Pin=D6-2
Added Pin To Net: NetName=5VCC Pin=H1-5
Added Pin To Net: NetName=5VCC Pin=H2-1
Added Pin To Net: NetName=5VCC Pin=K1-4
Added Pin To Net: NetName=5VCC Pin=L1-1
Added Pin To Net: NetName=5VCC Pin=P1-6
Added Pin To Net: NetName=5VCC Pin=P1-7
Added Pin To Net: NetName=5VCC Pin=P3-6
Added Pin To Net: NetName=5VCC Pin=R1-1
Added Pin To Net: NetName=5VCC Pin=R4-1
Added Pin To Net: NetName=5VCC Pin=R12-1
Added Pin To Net: NetName=5VCC Pin=R13-1
Added Pin To Net: NetName=5VCC Pin=R14-1
Added Pin To Net: NetName=5VCC Pin=R15-1
Added Pin To Net: NetName=5VCC Pin=R16-1
Added Pin To Net: NetName=5VCC Pin=R19-2
Added Pin To Net: NetName=5VCC Pin=R20-1
Added Pin To Net: NetName=5VCC Pin=RJ_SERIAL_1-1
Added Pin To Net: NetName=5VCC Pin=RJ_SERIAL_1-2
Added Pin To Net: NetName=5VCC Pin=RJ_SERIAL_2-1
Added Pin To Net: NetName=5VCC Pin=RJ_SERIAL_2-2
Added Pin To Net: NetName=5VCC Pin=U1-20
Added Pin To Net: NetName=5VCC Pin=U2-8
Added Pin To Net: NetName=5VCC Pin=U3-16
Added Pin To Net: NetName=5VCC Pin=U10-4
Added Net: Name=5VCC
Added Pin To Net: NetName=24VCC_IN Pin=F1-2
Added Pin To Net: NetName=24VCC_IN Pin=F1-2
Added Pin To Net: NetName=24VCC_IN Pin=P2-3
Added Net: Name=24VCC_IN
Added Pin To Net: NetName=24VCC Pin=C9-1
Added Pin To Net: NetName=24VCC Pin=C10-1
Added Pin To Net: NetName=24VCC Pin=D2-2
Added Pin To Net: NetName=24VCC Pin=P1-4
Added Pin To Net: NetName=24VCC Pin=P1-5
Added Pin To Net: NetName=24VCC Pin=P3-1
Added Pin To Net: NetName=24VCC Pin=P3-1
Added Pin To Net: NetName=24VCC Pin=P3-1
Added Pin To Net: NetName=24VCC Pin=P3-2
Added Pin To Net: NetName=24VCC Pin=U10-1
Added Net: Name=24VCC
Added Pin To Net: NetName=A Pin=P3-3
Added Pin To Net: NetName=A Pin=P3-4
Added Pin To Net: NetName=A Pin=R20-2
Added Pin To Net: NetName=A Pin=R21-1
Added Pin To Net: NetName=A Pin=U2-6
Added Net: Name=A
Added Pin To Net: NetName=BOTON_PANICO2 Pin=R16-2
Added Pin To Net: NetName=BOTON_PANICO2 Pin=U1-7
Added Pin To Net: NetName=BOTON_PANICO2 Pin=U9-7
Added Net: Name=BOTON_PANICO2
Added Pin To Net: NetName=B Pin=P3-7
Added Pin To Net: NetName=B Pin=P3-8
Added Pin To Net: NetName=B Pin=R21-2
Added Pin To Net: NetName=B Pin=R22-1
Added Pin To Net: NetName=B Pin=U2-7
Added Net: Name=B
Added Pin To Net: NetName=DE1_485 Pin=R19-1
Added Pin To Net: NetName=DE1_485 Pin=U1-4
Added Pin To Net: NetName=DE1_485 Pin=U2-2
Added Pin To Net: NetName=DE1_485 Pin=U2-3
Added Net: Name=DE1_485
Added Pin To Net: NetName=DI1_485 Pin=U1-24
Added Pin To Net: NetName=DI1_485 Pin=U2-4
Added Net: Name=DI1_485
Added Pin To Net: NetName=EN_BT Pin=H1-6
Added Net: Name=EN_BT
Added Pin To Net: NetName=GND Pin=C1-2
Added Pin To Net: NetName=GND Pin=C2-2
Added Pin To Net: NetName=GND Pin=C3-2
Added Pin To Net: NetName=GND Pin=C4-2
Added Pin To Net: NetName=GND Pin=C5-2
Added Pin To Net: NetName=GND Pin=C9-2
Added Pin To Net: NetName=GND Pin=C10-2
Added Pin To Net: NetName=GND Pin=C11-1
Added Pin To Net: NetName=GND Pin=C12-2
Added Pin To Net: NetName=GND Pin=D1-1
Added Pin To Net: NetName=GND Pin=D9-2
Added Pin To Net: NetName=GND Pin=D10-2
Added Pin To Net: NetName=GND Pin=D11-2
Added Pin To Net: NetName=GND Pin=H1-4
Added Pin To Net: NetName=GND Pin=H2-2
Added Pin To Net: NetName=GND Pin=P1-8
Added Pin To Net: NetName=GND Pin=P2-1
Added Pin To Net: NetName=GND Pin=P2-1
Added Pin To Net: NetName=GND Pin=P2-1
Added Pin To Net: NetName=GND Pin=P2-2
Added Pin To Net: NetName=GND Pin=P3-5
Added Pin To Net: NetName=GND Pin=Q1-1
Added Pin To Net: NetName=GND Pin=R22-2
Added Pin To Net: NetName=GND Pin=RJ_SERIAL_1-6
Added Pin To Net: NetName=GND Pin=RJ_SERIAL_1-7
Added Pin To Net: NetName=GND Pin=RJ_SERIAL_2-6
Added Pin To Net: NetName=GND Pin=RJ_SERIAL_2-7
Added Pin To Net: NetName=GND Pin=U1-8
Added Pin To Net: NetName=GND Pin=U1-19
Added Pin To Net: NetName=GND Pin=U2-5
Added Pin To Net: NetName=GND Pin=U3-15
Added Pin To Net: NetName=GND Pin=U5-2
Added Pin To Net: NetName=GND Pin=U5-8
Added Pin To Net: NetName=GND Pin=U6-2
Added Pin To Net: NetName=GND Pin=U6-8
Added Pin To Net: NetName=GND Pin=U7-2
Added Pin To Net: NetName=GND Pin=U7-8
Added Pin To Net: NetName=GND Pin=U8-2
Added Pin To Net: NetName=GND Pin=U8-8
Added Pin To Net: NetName=GND Pin=U9-2
Added Pin To Net: NetName=GND Pin=U10-3
Added Pin To Net: NetName=GND Pin=U10-5
Added Net: Name=GND
Added Pin To Net: NetName=LED_ENV_485 Pin=R3-1
Added Pin To Net: NetName=LED_ENV_485 Pin=U1-6
Added Net: Name=LED_ENV_485
Added Pin To Net: NetName=LED_RCB_485 Pin=R2-1
Added Pin To Net: NetName=LED_RCB_485 Pin=U1-5
Added Net: Name=LED_RCB_485
Added Pin To Net: NetName=NetC2_1 Pin=C2-1
Added Pin To Net: NetName=NetC2_1 Pin=R1-2
Added Pin To Net: NetName=NetC2_1 Pin=U1-1
Added Net: Name=NetC2_1
Added Pin To Net: NetName=NetC3_1 Pin=C3-1
Added Pin To Net: NetName=NetC3_1 Pin=U1-9
Added Pin To Net: NetName=NetC3_1 Pin=Y1-2
Added Net: Name=NetC3_1
Added Pin To Net: NetName=NetC4_1 Pin=C4-1
Added Pin To Net: NetName=NetC4_1 Pin=U1-10
Added Pin To Net: NetName=NetC4_1 Pin=Y1-1
Added Net: Name=NetC4_1
Added Pin To Net: NetName=NetC5_1 Pin=C5-1
Added Pin To Net: NetName=NetC5_1 Pin=U3-6
Added Net: Name=NetC5_1
Added Pin To Net: NetName=NetC6_1 Pin=C6-1
Added Pin To Net: NetName=NetC6_1 Pin=U3-2
Added Net: Name=NetC6_1
Added Pin To Net: NetName=NetC7_1 Pin=C7-1
Added Pin To Net: NetName=NetC7_1 Pin=U3-1
Added Net: Name=NetC7_1
Added Pin To Net: NetName=NetC7_2 Pin=C7-2
Added Pin To Net: NetName=NetC7_2 Pin=U3-3
Added Net: Name=NetC7_2
Added Pin To Net: NetName=NetC8_1 Pin=C8-1
Added Pin To Net: NetName=NetC8_1 Pin=U3-4
Added Net: Name=NetC8_1
Added Pin To Net: NetName=NetC8_2 Pin=C8-2
Added Pin To Net: NetName=NetC8_2 Pin=U3-5
Added Net: Name=NetC8_2
Added Pin To Net: NetName=NetD1_2 Pin=D1-2
Added Pin To Net: NetName=NetD1_2 Pin=L1-2
Added Pin To Net: NetName=NetD1_2 Pin=U10-2
Added Net: Name=NetD1_2
Added Pin To Net: NetName=NetD2_1 Pin=D2-1
Added Pin To Net: NetName=NetD2_1 Pin=F1-1
Added Pin To Net: NetName=NetD2_1 Pin=F1-1
Added Net: Name=NetD2_1
Added Pin To Net: NetName=NetD5_2 Pin=D5-2
Added Pin To Net: NetName=NetD5_2 Pin=R6-2
Added Net: Name=NetD5_2
Added Pin To Net: NetName=NetD6_1 Pin=D6-1
Added Pin To Net: NetName=NetD6_1 Pin=K1-5
Added Pin To Net: NetName=NetD6_1 Pin=Q1-3
Added Pin To Net: NetName=NetD6_1 Pin=R6-1
Added Net: Name=NetD6_1
Added Pin To Net: NetName=NetD7_1 Pin=D7-1
Added Pin To Net: NetName=NetD7_1 Pin=R18-2
Added Net: Name=NetD7_1
Added Pin To Net: NetName=NetD7_2 Pin=D7-2
Added Pin To Net: NetName=NetD7_2 Pin=F2-2
Added Pin To Net: NetName=NetD7_2 Pin=F2-2
Added Pin To Net: NetName=NetD7_2 Pin=P1-3
Added Net: Name=NetD7_2
Added Pin To Net: NetName=NetD8_1 Pin=D8-1
Added Pin To Net: NetName=NetD8_1 Pin=R17-2
Added Net: Name=NetD8_1
Added Pin To Net: NetName=NetD8_2 Pin=D8-2
Added Pin To Net: NetName=NetD8_2 Pin=F3-2
Added Pin To Net: NetName=NetD8_2 Pin=F3-2
Added Pin To Net: NetName=NetD8_2 Pin=P1-2
Added Net: Name=NetD8_2
Added Pin To Net: NetName=NetD9_1 Pin=D9-1
Added Pin To Net: NetName=NetD9_1 Pin=R2-2
Added Net: Name=NetD9_1
Added Pin To Net: NetName=NetD10_1 Pin=D10-1
Added Pin To Net: NetName=NetD10_1 Pin=R3-2
Added Net: Name=NetD10_1
Added Pin To Net: NetName=NetD11_1 Pin=D11-1
Added Pin To Net: NetName=NetD11_1 Pin=R4-2
Added Net: Name=NetD11_1
Added Pin To Net: NetName=NetP2_4 Pin=P2-4
Added Pin To Net: NetName=NetP2_4 Pin=R11-2
Added Net: Name=NetP2_4
Added Pin To Net: NetName=NetP2_5 Pin=P2-5
Added Pin To Net: NetName=NetP2_5 Pin=R10-2
Added Net: Name=NetP2_5
Added Pin To Net: NetName=NetP2_6 Pin=P2-6
Added Pin To Net: NetName=NetP2_6 Pin=R9-2
Added Net: Name=NetP2_6
Added Pin To Net: NetName=NetP2_7 Pin=P2-7
Added Pin To Net: NetName=NetP2_7 Pin=R8-2
Added Net: Name=NetP2_7
Added Pin To Net: NetName=NetP2_8 Pin=P2-8
Added Pin To Net: NetName=NetP2_8 Pin=R7-2
Added Net: Name=NetP2_8
Added Pin To Net: NetName=NetQ1_2 Pin=Q1-2
Added Pin To Net: NetName=NetQ1_2 Pin=R5-2
Added Net: Name=NetQ1_2
Added Pin To Net: NetName=NetR7_1 Pin=R7-1
Added Pin To Net: NetName=NetR7_1 Pin=U5-1
Added Net: Name=NetR7_1
Added Pin To Net: NetName=NetR8_1 Pin=R8-1
Added Pin To Net: NetName=NetR8_1 Pin=U6-1
Added Net: Name=NetR8_1
Added Pin To Net: NetName=NetR9_1 Pin=R9-1
Added Pin To Net: NetName=NetR9_1 Pin=U7-1
Added Net: Name=NetR9_1
Added Pin To Net: NetName=NetR10_1 Pin=R10-1
Added Pin To Net: NetName=NetR10_1 Pin=U8-1
Added Net: Name=NetR10_1
Added Pin To Net: NetName=NetR11_1 Pin=R11-1
Added Pin To Net: NetName=NetR11_1 Pin=U9-1
Added Net: Name=NetR11_1
Added Pin To Net: NetName=OPTO2 Pin=R12-2
Added Pin To Net: NetName=OPTO2 Pin=U1-15
Added Pin To Net: NetName=OPTO2 Pin=U5-7
Added Net: Name=OPTO2
Added Pin To Net: NetName=OPTO3 Pin=R13-2
Added Pin To Net: NetName=OPTO3 Pin=U1-18
Added Pin To Net: NetName=OPTO3 Pin=U6-7
Added Net: Name=OPTO3
Added Pin To Net: NetName=OPTO4 Pin=R14-2
Added Pin To Net: NetName=OPTO4 Pin=U1-17
Added Pin To Net: NetName=OPTO4 Pin=U7-7
Added Net: Name=OPTO4
Added Pin To Net: NetName=OPTO5 Pin=R15-2
Added Pin To Net: NetName=OPTO5 Pin=U1-16
Added Pin To Net: NetName=OPTO5 Pin=U8-7
Added Net: Name=OPTO5
Added Pin To Net: NetName=RELE1C Pin=K1-1
Added Pin To Net: NetName=RELE1C Pin=P1-1
Added Pin To Net: NetName=RELE1C Pin=P1-1
Added Pin To Net: NetName=RELE1C Pin=P1-1
Added Net: Name=RELE1C
Added Pin To Net: NetName=RELE1NC Pin=F3-1
Added Pin To Net: NetName=RELE1NC Pin=F3-1
Added Pin To Net: NetName=RELE1NC Pin=K1-2
Added Pin To Net: NetName=RELE1NC Pin=R17-1
Added Net: Name=RELE1NC
Added Pin To Net: NetName=RELE1NO Pin=F2-1
Added Pin To Net: NetName=RELE1NO Pin=F2-1
Added Pin To Net: NetName=RELE1NO Pin=K1-3
Added Pin To Net: NetName=RELE1NO Pin=R18-1
Added Net: Name=RELE1NO
Added Pin To Net: NetName=RELE1 Pin=R5-1
Added Pin To Net: NetName=RELE1 Pin=U1-25
Added Net: Name=RELE1
Added Pin To Net: NetName=RO1_485 Pin=U1-21
Added Pin To Net: NetName=RO1_485 Pin=U2-1
Added Net: Name=RO1_485
Added Pin To Net: NetName=RS232_RX_MONITOREO Pin=RJ_SERIAL_1-5
Added Pin To Net: NetName=RS232_RX_MONITOREO Pin=U3-13
Added Net: Name=RS232_RX_MONITOREO
Added Pin To Net: NetName=RS232_RXPC Pin=RJ_SERIAL_2-5
Added Pin To Net: NetName=RS232_RXPC Pin=U3-8
Added Net: Name=RS232_RXPC
Added Pin To Net: NetName=RS232_TX_MONITOREO Pin=RJ_SERIAL_1-8
Added Pin To Net: NetName=RS232_TX_MONITOREO Pin=U3-14
Added Net: Name=RS232_TX_MONITOREO
Added Pin To Net: NetName=RS232_TXPC Pin=RJ_SERIAL_2-8
Added Pin To Net: NetName=RS232_TXPC Pin=U3-7
Added Net: Name=RS232_TXPC
Added Pin To Net: NetName=RX_BT Pin=H1-2
Added Pin To Net: NetName=RX_BT Pin=U1-22
Added Net: Name=RX_BT
Added Pin To Net: NetName=STATE_BT Pin=H1-1
Added Net: Name=STATE_BT
Added Pin To Net: NetName=TTL_RX1 Pin=U1-28
Added Pin To Net: NetName=TTL_RX1 Pin=U3-9
Added Net: Name=TTL_RX1
Added Pin To Net: NetName=TTL_RX2 Pin=U1-2
Added Pin To Net: NetName=TTL_RX2 Pin=U3-12
Added Net: Name=TTL_RX2
Added Pin To Net: NetName=TTL_TX1 Pin=U1-27
Added Pin To Net: NetName=TTL_TX1 Pin=U3-10
Added Net: Name=TTL_TX1
Added Pin To Net: NetName=TTL_TX2 Pin=U1-3
Added Pin To Net: NetName=TTL_TX2 Pin=U3-11
Added Net: Name=TTL_TX2
Added Pin To Net: NetName=TX_BT Pin=H1-3
Added Pin To Net: NetName=TX_BT Pin=U1-23
Added Net: Name=TX_BT
Added Class: Name=concentrador
Added Room: Name=concentrador
